\BOOKMARK [0][-]{chapter*.4}{\376\377\000P\000r\000e\000f\000a\000c\000e}{}% 1
\BOOKMARK [0][-]{chapter*.5}{\376\377\000P\000r\000o\000l\000o\000g\000u\000e}{}% 2
\BOOKMARK [1][-]{section*.6}{\376\377\000W\000h\000a\000t\000\040\000I\000s\000\040\000S\000c\000a\000l\000e\000?}{chapter*.5}% 3
\BOOKMARK [1][-]{section*.11}{\376\377\000D\000i\000m\000e\000n\000s\000i\000o\000n\000a\000l\000\040\000A\000n\000a\000l\000y\000s\000i\000s\000\040\000a\000n\000d\000\040\000t\000h\000e\000\040\000C\000l\000a\000s\000s\000i\000c\000a\000l\000\040\000T\000h\000e\000o\000r\000y\000\040\000o\000f\000\040\000S\000c\000a\000l\000e}{chapter*.5}% 4
\BOOKMARK [1][-]{section*.14}{\376\377\000W\000h\000e\000n\000\040\000D\000i\000m\000e\000n\000s\000i\000o\000n\000a\000l\000\040\000A\000n\000a\000l\000y\000s\000i\000s\000\040\000F\000a\000i\000l\000s}{chapter*.5}% 5
\BOOKMARK [1][-]{section*.19}{\376\377\000T\000h\000e\000\040\000P\000h\000i\000l\000o\000s\000o\000p\000h\000y\000\040\000o\000f\000\040\000L\000o\000c\000a\000l\000\040\000S\000o\000l\000u\000t\000i\000o\000n\000s}{chapter*.5}% 6
\BOOKMARK [1][-]{section*.24}{\376\377\000T\000h\000e\000\040\000D\000a\000m\000p\000e\000d\000\040\000A\000n\000h\000a\000r\000m\000o\000n\000i\000c\000\040\000O\000s\000c\000i\000l\000l\000a\000t\000o\000r}{chapter*.5}% 7
\BOOKMARK [1][-]{section*.27}{\376\377\000N\000a\000i\000v\000e\000\040\000A\000s\000y\000m\000p\000t\000o\000t\000i\000c\000s\000\040\000a\000n\000d\000\040\000I\000t\000s\000\040\000F\000a\000i\000l\000u\000r\000e}{chapter*.5}% 8
\BOOKMARK [1][-]{section*.31}{\376\377\000T\000h\000e\000\040\000R\000G\000\040\000R\000e\000s\000o\000l\000u\000t\000i\000o\000n}{chapter*.5}% 9
\BOOKMARK [1][-]{section*.35}{\376\377\000T\000h\000e\000\040\000G\000e\000o\000m\000e\000t\000r\000i\000c\000\040\000P\000i\000c\000t\000u\000r\000e\000:\000\040\000A\000\040\000P\000r\000e\000v\000i\000e\000w}{chapter*.5}% 10
\BOOKMARK [1][-]{equation.0.0.35}{\376\377\000S\000u\000m\000m\000a\000r\000y}{chapter*.5}% 11
\BOOKMARK [-1][-]{part.1}{\376\377\000I\000\040\000A\000l\000g\000e\000b\000r\000a\000\040\000a\000n\000d\000\040\000G\000e\000o\000m\000e\000t\000r\000y}{}% 12
\BOOKMARK [0][-]{chapter*.36}{\376\377\000T\000h\000e\000\040\000R\000e\000n\000o\000r\000m\000a\000l\000i\000z\000a\000t\000i\000o\000n\000\040\000G\000r\000o\000u\000p\000\040\000a\000s\000\040\000A\000l\000g\000e\000b\000r\000a\000\040\000a\000n\000d\000\040\000G\000e\000o\000m\000e\000t\000r\000y}{part.1}% 13
\BOOKMARK [1][-]{section*.37}{\376\377\000F\000r\000o\000m\000\040\000R\000u\000n\000n\000i\000n\000g\000\040\000P\000a\000r\000a\000m\000e\000t\000e\000r\000s\000\040\000t\000o\000\040\000S\000t\000r\000u\000c\000t\000u\000r\000e}{chapter*.36}% 14
\BOOKMARK [1][-]{section*.38}{\376\377\000S\000c\000a\000l\000e\000\040\000I\000n\000d\000e\000p\000e\000n\000d\000e\000n\000c\000e\000:\000\040\000T\000h\000e\000\040\000P\000h\000y\000s\000i\000c\000a\000l\000\040\000F\000o\000u\000n\000d\000a\000t\000i\000o\000n}{chapter*.36}% 15
\BOOKMARK [1][-]{section*.44}{\376\377\000S\000c\000a\000l\000e\000\040\000I\000n\000v\000a\000r\000i\000a\000n\000c\000e\000\040\000a\000s\000\040\000a\000\040\000L\000i\000e\000\040\000G\000r\000o\000u\000p}{chapter*.36}% 16
\BOOKMARK [1][-]{section*.48}{\376\377\000S\000c\000h\000e\000m\000e\000\040\000T\000r\000a\000n\000s\000f\000o\000r\000m\000a\000t\000i\000o\000n\000s\000\040\000a\000s\000\040\000R\000e\000p\000a\000r\000a\000m\000e\000t\000r\000i\000z\000a\000t\000i\000o\000n\000s}{chapter*.36}% 17
\BOOKMARK [1][-]{section*.51}{\376\377\000S\000c\000a\000l\000i\000n\000g\000\040\000D\000i\000m\000e\000n\000s\000i\000o\000n\000s\000:\000\040\000E\000i\000g\000e\000n\000v\000a\000l\000u\000e\000s\000\040\000o\000f\000\040\000t\000h\000e\000\040\000G\000e\000n\000e\000r\000a\000t\000o\000r}{chapter*.36}% 18
\BOOKMARK [1][-]{section*.54}{\376\377\000P\000a\000r\000a\000m\000e\000t\000e\000r\000\040\000S\000p\000a\000c\000e\000\040\000a\000s\000\040\000a\000\040\000M\000a\000n\000i\000f\000o\000l\000d}{chapter*.36}% 19
\BOOKMARK [1][-]{section*.58}{\376\377\000T\000h\000e\000\040\000C\000S\000\040\000E\000q\000u\000a\000t\000i\000o\000n\000\040\000a\000s\000\040\000L\000i\000e\000\040\000D\000e\000r\000i\000v\000a\000t\000i\000v\000e}{chapter*.36}% 20
\BOOKMARK [1][-]{section*.60}{\376\377\000C\000o\000n\000n\000e\000c\000t\000i\000o\000n\000s\000:\000\040\000T\000h\000e\000\040\000A\000n\000o\000m\000a\000l\000o\000u\000s\000\040\000D\000i\000m\000e\000n\000s\000i\000o\000n\000\040\000a\000s\000\040\000G\000e\000o\000m\000e\000t\000r\000y}{chapter*.36}% 21
\BOOKMARK [1][-]{section*.65}{\376\377\000T\000h\000e\000\040\000F\000i\000s\000h\000e\000r\000\040\000M\000e\000t\000r\000i\000c\000\040\000o\000n\000\040\000T\000h\000e\000o\000r\000y\000\040\000S\000p\000a\000c\000e}{chapter*.36}% 22
\BOOKMARK [1][-]{section*.68}{\376\377\000G\000r\000a\000d\000i\000e\000n\000t\000\040\000F\000l\000o\000w\000\040\000a\000n\000d\000\040\000t\000h\000e\000\040\000c\000-\000T\000h\000e\000o\000r\000e\000m}{chapter*.36}% 23
\BOOKMARK [1][-]{section*.72}{\376\377\000G\000e\000o\000d\000e\000s\000i\000c\000\040\000F\000l\000o\000w\000\040\000a\000n\000d\000\040\000C\000u\000r\000v\000e\000d\000\040\000M\000o\000t\000i\000o\000n}{chapter*.36}% 24
\BOOKMARK [1][-]{section*.75}{\376\377\000T\000h\000e\000o\000r\000y\000\040\000S\000p\000a\000c\000e\000\040\000a\000s\000\040\000a\000\040\000G\000a\000u\000g\000e\000\040\000B\000u\000n\000d\000l\000e}{chapter*.36}% 25
\BOOKMARK [1][-]{section*.81}{\376\377\000H\000o\000w\000\040\000G\000e\000o\000m\000e\000t\000r\000y\000\040\000C\000o\000n\000s\000t\000r\000a\000i\000n\000s\000\040\000B\000e\000t\000a\000\040\000F\000u\000n\000c\000t\000i\000o\000n\000s}{chapter*.36}% 26
\BOOKMARK [1][-]{section*.86}{\376\377\000E\000x\000a\000m\000p\000l\000e\000\040\0001\000:\000\040\000T\000h\000e\000\040\000A\000n\000h\000a\000r\000m\000o\000n\000i\000c\000\040\000O\000s\000c\000i\000l\000l\000a\000t\000o\000r}{chapter*.36}% 27
\BOOKMARK [1][-]{section*.92}{\376\377\000E\000x\000a\000m\000p\000l\000e\000\040\0002\000:\000\040\000T\000h\000e\000\040\000A\000m\000p\000l\000i\000t\000u\000d\000e\000\040\000E\000q\000u\000a\000t\000i\000o\000n}{chapter*.36}% 28
\BOOKMARK [1][-]{section*.97}{\376\377\000E\000x\000a\000m\000p\000l\000e\000\040\0003\000:\000\040\000T\000h\000e\000\040\000P\000o\000r\000o\000u\000s\000\040\000M\000e\000d\000i\000u\000m\000\040\000E\000q\000u\000a\000t\000i\000o\000n}{chapter*.36}% 29
\BOOKMARK [1][-]{section*.102}{\376\377\000E\000x\000a\000m\000p\000l\000e\000\040\0004\000:\000\040\000T\000h\000e\000\040\0001\000D\000\040\0004\000\040\000T\000h\000e\000o\000r\000y}{chapter*.36}% 30
\BOOKMARK [1][-]{section*.109}{\376\377\000C\000u\000r\000v\000a\000t\000u\000r\000e\000\040\000a\000n\000d\000\040\000C\000r\000i\000t\000i\000c\000a\000l\000\040\000E\000x\000p\000o\000n\000e\000n\000t\000s}{chapter*.36}% 31
\BOOKMARK [1][-]{section*.113}{\376\377\000S\000c\000h\000e\000m\000e\000\040\000I\000n\000d\000e\000p\000e\000n\000d\000e\000n\000c\000e\000\040\000a\000s\000\040\000G\000a\000u\000g\000e\000\040\000I\000n\000v\000a\000r\000i\000a\000n\000c\000e}{chapter*.36}% 32
\BOOKMARK [1][-]{section*.114}{\376\377\000S\000o\000l\000v\000i\000n\000g\000\040\000R\000G\000\040\000E\000q\000u\000a\000t\000i\000o\000n\000s}{chapter*.36}% 33
\BOOKMARK [1][-]{section*.117}{\376\377\000A\000s\000y\000m\000p\000t\000o\000t\000i\000c\000\040\000B\000e\000h\000a\000v\000i\000o\000r\000\040\000a\000n\000d\000\040\000t\000h\000e\000\040\000L\000a\000n\000d\000a\000u\000\040\000P\000o\000l\000e}{chapter*.36}% 34
\BOOKMARK [1][-]{section*.121}{\376\377\000F\000r\000o\000m\000\040\000P\000e\000r\000t\000u\000r\000b\000a\000t\000i\000v\000e\000\040\000t\000o\000\040\000E\000x\000a\000c\000t\000:\000\040\000T\000h\000e\000\040\000F\000u\000n\000c\000t\000i\000o\000n\000a\000l\000\040\000R\000G}{chapter*.36}% 35
\BOOKMARK [1][-]{section*.124}{\376\377\000L\000o\000o\000k\000i\000n\000g\000\040\000A\000h\000e\000a\000d}{chapter*.36}% 36
\BOOKMARK [1][-]{section*.124}{\376\377\000E\000x\000e\000r\000c\000i\000s\000e\000s}{chapter*.36}% 37
\BOOKMARK [1][-]{Item.55}{\376\377\000S\000u\000m\000m\000a\000r\000y}{chapter*.36}% 38
\BOOKMARK [1][-]{equation.0.0.191}{\376\377\000E\000x\000e\000r\000c\000i\000s\000e\000s}{chapter*.36}% 39
\BOOKMARK [1][-]{Item.84}{\376\377\000S\000u\000m\000m\000a\000r\000y}{chapter*.36}% 40
\BOOKMARK [0][-]{chapter*.125}{\376\377\000F\000i\000x\000e\000d\000\040\000P\000o\000i\000n\000t\000s\000,\000\040\000U\000n\000i\000v\000e\000r\000s\000a\000l\000i\000t\000y\000,\000\040\000a\000n\000d\000\040\000S\000c\000a\000l\000i\000n\000g}{part.1}% 41
\BOOKMARK [1][-]{section*.126}{\376\377\000F\000i\000x\000e\000d\000\040\000P\000o\000i\000n\000t\000s\000\040\000a\000s\000\040\000L\000i\000e\000\040\000G\000r\000o\000u\000p\000\040\000S\000t\000a\000t\000i\000o\000n\000a\000r\000i\000t\000y}{chapter*.125}% 42
\BOOKMARK [1][-]{section*.130}{\376\377\000P\000e\000r\000t\000u\000r\000b\000a\000t\000i\000v\000e\000\040\000F\000i\000x\000e\000d\000\040\000P\000o\000i\000n\000t\000s}{chapter*.125}% 43
\BOOKMARK [1][-]{section*.135}{\376\377\000N\000o\000r\000m\000a\000l\000\040\000F\000o\000r\000m\000\040\000T\000h\000e\000o\000r\000y\000\040\000f\000o\000r\000\040\000R\000G\000\040\000F\000l\000o\000w\000s}{chapter*.125}% 44
\BOOKMARK [1][-]{section*.141}{\376\377\000S\000t\000a\000b\000i\000l\000i\000t\000y\000\040\000a\000n\000d\000\040\000C\000l\000a\000s\000s\000i\000f\000i\000c\000a\000t\000i\000o\000n}{chapter*.125}% 45
\BOOKMARK [1][-]{section*.146}{\376\377\000U\000n\000i\000v\000e\000r\000s\000a\000l\000i\000t\000y\000\040\000C\000l\000a\000s\000s\000e\000s}{chapter*.125}% 46
\BOOKMARK [1][-]{section*.151}{\376\377\000N\000o\000r\000m\000a\000l\000\040\000F\000o\000r\000m\000s\000\040\000a\000n\000d\000\040\000U\000n\000i\000v\000e\000r\000s\000a\000l\000\040\000S\000c\000a\000l\000i\000n\000g\000\040\000F\000u\000n\000c\000t\000i\000o\000n\000s}{chapter*.125}% 47
\BOOKMARK [1][-]{section*.155}{\376\377\000T\000h\000e\000\040\000P\000o\000r\000o\000u\000s\000\040\000M\000e\000d\000i\000u\000m\000\040\000E\000q\000u\000a\000t\000i\000o\000n}{chapter*.125}% 48
\BOOKMARK [1][-]{section*.158}{\376\377\000B\000a\000r\000e\000n\000b\000l\000a\000t\000t\000'\000s\000\040\000C\000l\000a\000s\000s\000i\000f\000i\000c\000a\000t\000i\000o\000n\000\040\000i\000n\000\040\000L\000i\000e\000\040\000G\000r\000o\000u\000p\000\040\000T\000e\000r\000m\000s}{chapter*.125}% 49
\BOOKMARK [1][-]{section*.163}{\376\377\000T\000h\000e\000\040\000B\000a\000r\000e\000n\000b\000l\000a\000t\000t\000\040\000E\000x\000p\000o\000n\000e\000n\000t\000s\000\040\000f\000r\000o\000m\000\040\000S\000y\000m\000m\000e\000t\000r\000y}{chapter*.125}% 50
\BOOKMARK [1][-]{section*.164}{\376\377\000T\000h\000e\000\040\000P\000M\000E\000\040\000a\000s\000\040\000a\000n\000\040\000R\000G\000\040\000F\000l\000o\000w}{chapter*.125}% 51
\BOOKMARK [1][-]{section*.168}{\376\377\000T\000h\000e\000\040\000L\000a\000n\000d\000s\000c\000a\000p\000e\000\040\000o\000f\000\040\000F\000i\000x\000e\000d\000\040\000P\000o\000i\000n\000t\000s}{chapter*.125}% 52
\BOOKMARK [1][-]{section*.172}{\376\377\000C\000o\000n\000f\000o\000r\000m\000a\000l\000\040\000C\000o\000n\000s\000t\000r\000a\000i\000n\000t\000s\000\040\000a\000t\000\040\000F\000i\000x\000e\000d\000\040\000P\000o\000i\000n\000t\000s}{chapter*.125}% 53
\BOOKMARK [1][-]{section*.176}{\376\377\000S\000y\000n\000t\000h\000e\000s\000i\000s\000:\000\040\000T\000h\000e\000\040\000A\000l\000g\000e\000b\000r\000a\000i\000c\000-\000G\000e\000o\000m\000e\000t\000r\000i\000c\000\040\000D\000i\000c\000t\000i\000o\000n\000a\000r\000y}{chapter*.125}% 54
\BOOKMARK [1][-]{section*.177}{\376\377\000L\000o\000o\000k\000i\000n\000g\000\040\000A\000h\000e\000a\000d}{chapter*.125}% 55
\BOOKMARK [1][-]{subsection*.179}{\376\377\000E\000x\000e\000r\000c\000i\000s\000e\000s}{chapter*.125}% 56
\BOOKMARK [1][-]{Item.146}{\376\377\000S\000u\000m\000m\000a\000r\000y}{chapter*.125}% 57
\BOOKMARK [-1][-]{part.2}{\376\377\000I\000I\000\040\000A\000n\000a\000l\000y\000s\000i\000s\000:\000\040\000P\000e\000r\000t\000u\000r\000b\000a\000t\000i\000o\000n\000\040\000T\000h\000e\000o\000r\000y\000\040\000a\000n\000d\000\040\000R\000e\000s\000u\000r\000g\000e\000n\000c\000e}{}% 58
\BOOKMARK [0][-]{chapter*.180}{\376\377\000P\000e\000r\000t\000u\000r\000b\000a\000t\000i\000o\000n\000\040\000T\000h\000e\000o\000r\000y\000\040\000a\000n\000d\000\040\000U\000V\000\040\000D\000i\000v\000e\000r\000g\000e\000n\000c\000e\000s}{part.2}% 59
\BOOKMARK [1][-]{section*.181}{\376\377\000W\000h\000y\000\040\000P\000e\000r\000t\000u\000r\000b\000a\000t\000i\000o\000n\000\040\000S\000e\000r\000i\000e\000s\000\040\000D\000i\000v\000e\000r\000g\000e}{chapter*.180}% 60
\BOOKMARK [1][-]{section*.186}{\376\377\000T\000h\000r\000e\000e\000\040\000C\000a\000n\000o\000n\000i\000c\000a\000l\000\040\000E\000x\000a\000m\000p\000l\000e\000s}{chapter*.180}% 61
\BOOKMARK [1][-]{section*.190}{\376\377\000W\000h\000e\000n\000\040\000I\000s\000\040\000R\000G\000\040\000N\000e\000e\000d\000e\000d\000?\000\040\000A\000\040\000D\000e\000c\000i\000s\000i\000o\000n\000\040\000T\000r\000e\000e}{chapter*.180}% 62
\BOOKMARK [1][-]{section*.192}{\376\377\000T\000h\000e\000\040\000S\000e\000t\000h\000n\000a\000\040\000P\000r\000o\000b\000l\000e\000m\000-\000S\000o\000l\000v\000i\000n\000g\000\040\000T\000e\000m\000p\000l\000a\000t\000e}{chapter*.180}% 63
\BOOKMARK [1][-]{section*.196}{\376\377\000U\000V\000\040\000D\000i\000v\000e\000r\000g\000e\000n\000c\000e\000s\000\040\000a\000n\000d\000\040\000R\000e\000g\000u\000l\000a\000r\000i\000z\000a\000t\000i\000o\000n}{chapter*.180}% 64
\BOOKMARK [1][-]{section*.200}{\376\377\000R\000e\000n\000o\000r\000m\000a\000l\000i\000z\000a\000t\000i\000o\000n\000\040\000S\000c\000h\000e\000m\000e\000s}{chapter*.180}% 65
\BOOKMARK [1][-]{section*.204}{\376\377\000S\000u\000m\000m\000a\000r\000y\000\040\000a\000n\000d\000\040\000R\000o\000a\000d\000\040\000A\000h\000e\000a\000d}{chapter*.180}% 66
\BOOKMARK [1][-]{Item.161}{\376\377\000E\000x\000e\000r\000c\000i\000s\000e\000s}{chapter*.180}% 67
\BOOKMARK [0][-]{chapter*.205}{\376\377\000A\000l\000g\000e\000b\000r\000a\000i\000c\000\040\000F\000o\000u\000n\000d\000a\000t\000i\000o\000n\000s\000\040\000o\000f\000\040\000R\000e\000n\000o\000r\000m\000a\000l\000i\000z\000a\000t\000i\000o\000n}{part.2}% 68
\BOOKMARK [1][-]{section*.206}{\376\377\000T\000h\000e\000\040\000B\000u\000t\000c\000h\000e\000r\000\040\000G\000r\000o\000u\000p\000:\000\040\000H\000o\000p\000f\000\040\000A\000l\000g\000e\000b\000r\000a\000s\000\040\000f\000r\000o\000m\000\040\000O\000D\000E\000s}{chapter*.205}% 69
\BOOKMARK [1][-]{section*.212}{\376\377\000F\000r\000o\000m\000\040\000O\000D\000E\000s\000\040\000t\000o\000\040\000Q\000u\000a\000n\000t\000u\000m\000\040\000F\000i\000e\000l\000d\000\040\000T\000h\000e\000o\000r\000y}{chapter*.205}% 70
\BOOKMARK [1][-]{section*.215}{\376\377\000T\000h\000e\000\040\000H\000o\000p\000f\000\040\000A\000l\000g\000e\000b\000r\000a\000\040\000o\000f\000\040\000F\000e\000y\000n\000m\000a\000n\000\040\000G\000r\000a\000p\000h\000s}{chapter*.205}% 71
\BOOKMARK [1][-]{section*.218}{\376\377\000R\000e\000n\000o\000r\000m\000a\000l\000i\000z\000a\000t\000i\000o\000n\000\040\000a\000s\000\040\000t\000h\000e\000\040\000R\000i\000e\000m\000a\000n\000n\000-\000H\000i\000l\000b\000e\000r\000t\000\040\000P\000r\000o\000b\000l\000e\000m}{chapter*.205}% 72
\BOOKMARK [1][-]{section*.223}{\376\377\000C\000o\000n\000n\000e\000c\000t\000i\000o\000n\000\040\000t\000o\000\040\000R\000e\000s\000u\000r\000g\000e\000n\000t\000\040\000S\000t\000r\000u\000c\000t\000u\000r\000e}{chapter*.205}% 73
\BOOKMARK [1][-]{section*.224}{\376\377\000S\000u\000m\000m\000a\000r\000y}{chapter*.205}% 74
\BOOKMARK [1][-]{Item.214}{\376\377\000E\000x\000e\000r\000c\000i\000s\000e\000s}{chapter*.205}% 75
\BOOKMARK [0][-]{chapter*.225}{\376\377\000R\000e\000s\000u\000r\000g\000e\000n\000c\000e\000\040\000a\000n\000d\000\040\000T\000r\000a\000n\000s\000s\000e\000r\000i\000e\000s}{part.2}% 76
\BOOKMARK [1][-]{section*.226}{\376\377\000T\000h\000e\000\040\000B\000o\000r\000e\000l\000\040\000T\000r\000a\000n\000s\000f\000o\000r\000m}{chapter*.225}% 77
\BOOKMARK [1][-]{section*.230}{\376\377\000S\000i\000n\000g\000u\000l\000a\000r\000i\000t\000i\000e\000s\000\040\000i\000n\000\040\000t\000h\000e\000\040\000B\000o\000r\000e\000l\000\040\000P\000l\000a\000n\000e}{chapter*.225}% 78
\BOOKMARK [1][-]{section*.234}{\376\377\000S\000t\000o\000k\000e\000s\000\040\000P\000h\000e\000n\000o\000m\000e\000n\000a}{chapter*.225}% 79
\BOOKMARK [1][-]{section*.239}{\376\377\000T\000r\000a\000n\000s\000s\000e\000r\000i\000e\000s}{chapter*.225}% 80
\BOOKMARK [1][-]{section*.243}{\376\377\000W\000o\000r\000k\000e\000d\000\040\000E\000x\000a\000m\000p\000l\000e\000:\000\040\000T\000h\000e\000\040\000D\000a\000m\000p\000e\000d\000\040\000A\000n\000h\000a\000r\000m\000o\000n\000i\000c\000\040\000O\000s\000c\000i\000l\000l\000a\000t\000o\000r}{chapter*.225}% 81
\BOOKMARK [1][-]{section*.247}{\376\377\000T\000h\000e\000\040\000R\000e\000s\000u\000r\000g\000e\000n\000c\000e\000\040\000T\000r\000i\000a\000n\000g\000l\000e}{chapter*.225}% 82
\BOOKMARK [1][-]{section*.250}{\376\377\000A\000l\000i\000e\000n\000\040\000C\000a\000l\000c\000u\000l\000u\000s}{chapter*.225}% 83
\BOOKMARK [1][-]{section*.255}{\376\377\000R\000e\000n\000o\000r\000m\000a\000l\000o\000n\000s\000\040\000f\000r\000o\000m\000\040\000t\000h\000e\000\040\000R\000G\000\040\000E\000q\000u\000a\000t\000i\000o\000n}{chapter*.225}% 84
\BOOKMARK [1][-]{section*.259}{\376\377\000M\000e\000d\000i\000a\000n\000\040\000R\000e\000s\000u\000m\000m\000a\000t\000i\000o\000n\000\040\000a\000n\000d\000\040\000P\000h\000y\000s\000i\000c\000a\000l\000\040\000P\000r\000e\000d\000i\000c\000t\000i\000o\000n\000s}{chapter*.225}% 85
\BOOKMARK [1][-]{section*.263}{\376\377\000C\000o\000n\000n\000e\000c\000t\000i\000o\000n\000\040\000t\000o\000\040\000t\000h\000e\000\040\000G\000e\000o\000m\000e\000t\000r\000i\000c\000\040\000F\000r\000a\000m\000e\000w\000o\000r\000k}{chapter*.225}% 86
\BOOKMARK [1][-]{section*.267}{\376\377\000W\000h\000e\000n\000\040\000t\000o\000\040\000T\000r\000u\000s\000t\000\040\000P\000e\000r\000t\000u\000r\000b\000a\000t\000i\000o\000n\000\040\000T\000h\000e\000o\000r\000y}{chapter*.225}% 87
\BOOKMARK [1][-]{section*.271}{\376\377\000S\000u\000m\000m\000a\000r\000y}{chapter*.225}% 88
\BOOKMARK [1][-]{Item.248}{\376\377\000E\000x\000e\000r\000c\000i\000s\000e\000s}{chapter*.225}% 89
\BOOKMARK [0][-]{chapter*.272}{\376\377\000M\000a\000t\000h\000e\000m\000a\000t\000i\000c\000a\000l\000\040\000T\000o\000o\000l\000k\000i\000t}{part.2}% 90
\BOOKMARK [1][-]{section*.273}{\376\377\000A\000s\000y\000m\000p\000t\000o\000t\000i\000c\000\040\000S\000e\000r\000i\000e\000s\000\040\000a\000n\000d\000\040\000G\000e\000v\000r\000e\000y\000\040\000C\000l\000a\000s\000s\000e\000s}{chapter*.272}% 91
\BOOKMARK [1][-]{section*.276}{\376\377\000B\000o\000r\000e\000l\000\040\000T\000r\000a\000n\000s\000f\000o\000r\000m\000\040\000a\000n\000d\000\040\000L\000a\000p\000l\000a\000c\000e\000\040\000T\000r\000a\000n\000s\000f\000o\000r\000m}{chapter*.272}% 92
\BOOKMARK [1][-]{section*.280}{\376\377\000S\000i\000n\000g\000u\000l\000a\000r\000i\000t\000i\000e\000s\000\040\000i\000n\000\040\000t\000h\000e\000\040\000B\000o\000r\000e\000l\000\040\000P\000l\000a\000n\000e}{chapter*.272}% 93
\BOOKMARK [1][-]{section*.282}{\376\377\000S\000t\000o\000k\000e\000s\000\040\000P\000h\000e\000n\000o\000m\000e\000n\000a}{chapter*.272}% 94
\BOOKMARK [1][-]{section*.286}{\376\377\000T\000r\000a\000n\000s\000s\000e\000r\000i\000e\000s}{chapter*.272}% 95
\BOOKMARK [1][-]{section*.290}{\376\377\000A\000l\000i\000e\000n\000\040\000C\000a\000l\000c\000u\000l\000u\000s}{chapter*.272}% 96
\BOOKMARK [1][-]{section*.294}{\376\377\000M\000e\000d\000i\000a\000n\000\040\000R\000e\000s\000u\000m\000m\000a\000t\000i\000o\000n}{chapter*.272}% 97
\BOOKMARK [1][-]{section*.298}{\376\377\000B\000e\000t\000a\000\040\000F\000u\000n\000c\000t\000i\000o\000n\000s\000\040\000a\000n\000d\000\040\000R\000G\000\040\000F\000l\000o\000w}{chapter*.272}% 98
\BOOKMARK [1][-]{section*.302}{\376\377\000C\000o\000n\000n\000e\000c\000t\000i\000o\000n\000s\000\040\000a\000n\000d\000\040\000M\000o\000n\000o\000d\000r\000o\000m\000y}{chapter*.272}% 99
\BOOKMARK [1][-]{section*.305}{\376\377\000K\000e\000y\000\040\000F\000o\000r\000m\000u\000l\000a\000s\000\040\000S\000u\000m\000m\000a\000r\000y}{chapter*.272}% 100
\BOOKMARK [1][-]{section*.306}{\376\377\000R\000e\000f\000e\000r\000e\000n\000c\000e\000s\000\040\000f\000o\000r\000\040\000F\000u\000r\000t\000h\000e\000r\000\040\000R\000e\000a\000d\000i\000n\000g}{chapter*.272}% 101
\BOOKMARK [0][-]{chapter*.310}{\376\377\000B\000i\000b\000l\000i\000o\000g\000r\000a\000p\000h\000y}{part.2}% 102
