This is pdfTeX, Version 3.141592653-2.6-1.40.24 (TeX Live 2022) (preloaded format=pdflatex 2022.6.13)  7 DEC 2025 16:31
entering extended mode
 restricted \write18 enabled.
 %&-line parsing enabled.
**rg_book_main.tex
(./rg_book_main.tex
LaTeX2e <2021-11-15> patch level 1
L3 programming layer <2022-02-24>
(/usr/local/texlive/2022/texmf-dist/tex/latex/tufte-latex/tufte-book.cls
Document Class: tufte-book 2015/06/21 v3.5.2 Tufte-book class
(/usr/local/texlive/2022/texmf-dist/tex/latex/tufte-latex/tufte-common.def
File: tufte-common.def 2015/06/21 v3.5.2 Common code for the Tufte-LaTeX styles


(/usr/local/texlive/2022/texmf-dist/tex/latex/xkeyval/xkeyval.sty
Package: xkeyval 2020/11/20 v2.8 package option processing (HA)

(/usr/local/texlive/2022/texmf-dist/tex/generic/xkeyval/xkeyval.tex
(/usr/local/texlive/2022/texmf-dist/tex/generic/xkeyval/xkvutils.tex
\XKV@toks=\toks16
\XKV@tempa@toks=\toks17

(/usr/local/texlive/2022/texmf-dist/tex/generic/xkeyval/keyval.tex))
\XKV@depth=\count185
File: xkeyval.tex 2014/12/03 v2.7a key=value parser (HA)
))
(/usr/local/texlive/2022/texmf-dist/tex/latex/xifthen/xifthen.sty
Package: xifthen 2015/11/05 v1.4.0 Extended ifthen features

(/usr/local/texlive/2022/texmf-dist/tex/latex/tools/calc.sty
Package: calc 2017/05/25 v4.3 Infix arithmetic (KKT,FJ)
\calc@Acount=\count186
\calc@Bcount=\count187
\calc@Adimen=\dimen138
\calc@Bdimen=\dimen139
\calc@Askip=\skip47
\calc@Bskip=\skip48
LaTeX Info: Redefining \setlength on input line 80.
LaTeX Info: Redefining \addtolength on input line 81.
\calc@Ccount=\count188
\calc@Cskip=\skip49
)
(/usr/local/texlive/2022/texmf-dist/tex/latex/base/ifthen.sty
Package: ifthen 2020/11/24 v1.1c Standard LaTeX ifthen package (DPC)
)
(/usr/local/texlive/2022/texmf-dist/tex/latex/ifmtarg/ifmtarg.sty
Package: ifmtarg 2018/04/16 v1.2b check for an empty argument
))
(/usr/local/texlive/2022/texmf-dist/tex/latex/hardwrap/hardwrap.sty
Package: hardwrap 2011/02/12 v0.2 Hard wrap messages

(/usr/local/texlive/2022/texmf-dist/tex/latex/ifplatform/ifplatform.sty
Package: ifplatform 2017/10/13 v0.4a Testing for the operating system

(/usr/local/texlive/2022/texmf-dist/tex/latex/tools/shellesc.sty
Package: shellesc 2019/11/08 v1.0c unified shell escape interface for LaTeX
Package shellesc Info: Restricted shell escape enabled on input line 77.
)
(/usr/local/texlive/2022/texmf-dist/tex/generic/pdftexcmds/pdftexcmds.sty
Package: pdftexcmds 2020-06-27 v0.33 Utility functions of pdfTeX for LuaTeX (HO
)

(/usr/local/texlive/2022/texmf-dist/tex/generic/infwarerr/infwarerr.sty
Package: infwarerr 2019/12/03 v1.5 Providing info/warning/error messages (HO)
)
(/usr/local/texlive/2022/texmf-dist/tex/generic/iftex/iftex.sty
Package: iftex 2022/02/03 v1.0f TeX engine tests
)
(/usr/local/texlive/2022/texmf-dist/tex/generic/ltxcmds/ltxcmds.sty
Package: ltxcmds 2020-05-10 v1.25 LaTeX kernel commands for general use (HO)
)
Package pdftexcmds Info: \pdf@primitive is available.
Package pdftexcmds Info: \pdf@ifprimitive is available.
Package pdftexcmds Info: \pdfdraftmode found.
)
(/usr/local/texlive/2022/texmf-dist/tex/generic/catchfile/catchfile.sty
Package: catchfile 2019/12/09 v1.8 Catch the contents of a file (HO)

(/usr/local/texlive/2022/texmf-dist/tex/generic/etexcmds/etexcmds.sty
Package: etexcmds 2019/12/15 v1.7 Avoid name clashes with e-TeX commands (HO)
))
(/usr/local/texlive/2022/texmf-dist/tex/generic/iftex/ifluatex.sty
Package: ifluatex 2019/10/25 v1.5 ifluatex legacy package. Use iftex instead.
)

Package ifplatform Warning: 
    shell escape is disabled, so I can only detect \ifwindows.

) (/usr/local/texlive/2022/texmf-dist/tex/generic/iftex/ifxetex.sty
Package: ifxetex 2019/10/25 v0.7 ifxetex legacy package. Use iftex instead.
)
\hw@charcount=\count189
\hw@wordcount=\count190
\hw@maxprintline=\count191

(|kpsewhich -var-value=max_print_line))
Class tufte-book Info: Loading the base class `book'

(/usr/local/texlive/2022/texmf-dist/tex/latex/base/book.cls
Document Class: book 2021/10/04 v1.4n Standard LaTeX document class
(/usr/local/texlive/2022/texmf-dist/tex/latex/base/bk10.clo
File: bk10.clo 2021/10/04 v1.4n Standard LaTeX file (size option)
)
\c@part=\count192
\c@chapter=\count193
\c@section=\count194
\c@subsection=\count195
\c@subsubsection=\count196
\c@paragraph=\count197
\c@subparagraph=\count198
\c@figure=\count199
\c@table=\count266
\abovecaptionskip=\skip50
\belowcaptionskip=\skip51
\bibindent=\dimen140
)
(/usr/local/texlive/2022/texmf-dist/tex/generic/iftex/ifpdf.sty
Package: ifpdf 2019/10/25 v3.4 ifpdf legacy package. Use iftex instead.
)
(/usr/local/texlive/2022/texmf-dist/tex/latex/titlesec/titlesec.sty
Package: titlesec 2021/07/05 v2.14 Sectioning titles
\ttl@box=\box50
\beforetitleunit=\skip52
\aftertitleunit=\skip53
\ttl@plus=\dimen141
\ttl@minus=\dimen142
\ttl@toksa=\toks18
\titlewidth=\dimen143
\titlewidthlast=\dimen144
\titlewidthfirst=\dimen145
)
(/usr/local/texlive/2022/texmf-dist/tex/latex/titlesec/titletoc.sty
Package: titletoc 2021/07/05 v2.14 TOC entries
\ttl@leftsep=\dimen146
)
(/usr/local/texlive/2022/texmf-dist/tex/latex/hyperref/hyperref.sty
Package: hyperref 2022-02-21 v7.00n Hypertext links for LaTeX

(/usr/local/texlive/2022/texmf-dist/tex/generic/kvsetkeys/kvsetkeys.sty
Package: kvsetkeys 2019/12/15 v1.18 Key value parser (HO)
)
(/usr/local/texlive/2022/texmf-dist/tex/generic/kvdefinekeys/kvdefinekeys.sty
Package: kvdefinekeys 2019-12-19 v1.6 Define keys (HO)
)
(/usr/local/texlive/2022/texmf-dist/tex/generic/pdfescape/pdfescape.sty
Package: pdfescape 2019/12/09 v1.15 Implements pdfTeX's escape features (HO)
)
(/usr/local/texlive/2022/texmf-dist/tex/latex/hycolor/hycolor.sty
Package: hycolor 2020-01-27 v1.10 Color options for hyperref/bookmark (HO)
)
(/usr/local/texlive/2022/texmf-dist/tex/latex/letltxmacro/letltxmacro.sty
Package: letltxmacro 2019/12/03 v1.6 Let assignment for LaTeX macros (HO)
)
(/usr/local/texlive/2022/texmf-dist/tex/latex/auxhook/auxhook.sty
Package: auxhook 2019-12-17 v1.6 Hooks for auxiliary files (HO)
)
(/usr/local/texlive/2022/texmf-dist/tex/latex/kvoptions/kvoptions.sty
Package: kvoptions 2020-10-07 v3.14 Key value format for package options (HO)
)
\@linkdim=\dimen147
\Hy@linkcounter=\count267
\Hy@pagecounter=\count268

(/usr/local/texlive/2022/texmf-dist/tex/latex/hyperref/pd1enc.def
File: pd1enc.def 2022-02-21 v7.00n Hyperref: PDFDocEncoding definition (HO)
Now handling font encoding PD1 ...
... no UTF-8 mapping file for font encoding PD1
)
(/usr/local/texlive/2022/texmf-dist/tex/generic/intcalc/intcalc.sty
Package: intcalc 2019/12/15 v1.3 Expandable calculations with integers (HO)
)
\Hy@SavedSpaceFactor=\count269

(/usr/local/texlive/2022/texmf-dist/tex/latex/hyperref/puenc.def
File: puenc.def 2022-02-21 v7.00n Hyperref: PDF Unicode definition (HO)
Now handling font encoding PU ...
... no UTF-8 mapping file for font encoding PU
)
Package hyperref Info: Option `unicode' set `true' on input line 4018.
Package hyperref Info: Option `hyperfootnotes' set `false' on input line 4018.
Package hyperref Info: Hyper figures OFF on input line 4137.
Package hyperref Info: Link nesting OFF on input line 4142.
Package hyperref Info: Hyper index ON on input line 4145.
Package hyperref Info: Plain pages OFF on input line 4152.
Package hyperref Info: Backreferencing OFF on input line 4157.
Package hyperref Info: Implicit mode ON; LaTeX internals redefined.
Package hyperref Info: Bookmarks ON on input line 4390.
\c@Hy@tempcnt=\count270

(/usr/local/texlive/2022/texmf-dist/tex/latex/url/url.sty
\Urlmuskip=\muskip16
Package: url 2013/09/16  ver 3.4  Verb mode for urls, etc.
)
LaTeX Info: Redefining \url on input line 4749.
\XeTeXLinkMargin=\dimen148

(/usr/local/texlive/2022/texmf-dist/tex/generic/bitset/bitset.sty
Package: bitset 2019/12/09 v1.3 Handle bit-vector datatype (HO)

(/usr/local/texlive/2022/texmf-dist/tex/generic/bigintcalc/bigintcalc.sty
Package: bigintcalc 2019/12/15 v1.5 Expandable calculations on big integers (HO
)
))
\Fld@menulength=\count271
\Field@Width=\dimen149
\Fld@charsize=\dimen150
Package hyperref Info: Hyper figures OFF on input line 6027.
Package hyperref Info: Link nesting OFF on input line 6032.
Package hyperref Info: Hyper index ON on input line 6035.
Package hyperref Info: backreferencing OFF on input line 6042.
Package hyperref Info: Link coloring OFF on input line 6047.
Package hyperref Info: Link coloring with OCG OFF on input line 6052.
Package hyperref Info: PDF/A mode OFF on input line 6057.
LaTeX Info: Redefining \ref on input line 6097.
LaTeX Info: Redefining \pageref on input line 6101.

(/usr/local/texlive/2022/texmf-dist/tex/latex/base/atbegshi-ltx.sty
Package: atbegshi-ltx 2021/01/10 v1.0c Emulation of the original atbegshi
package with kernel methods
)
\Hy@abspage=\count272
\c@Item=\count273
)
Package hyperref Info: Driver (autodetected): hpdftex.

(/usr/local/texlive/2022/texmf-dist/tex/latex/hyperref/hpdftex.def
File: hpdftex.def 2022-02-21 v7.00n Hyperref driver for pdfTeX

(/usr/local/texlive/2022/texmf-dist/tex/latex/base/atveryend-ltx.sty
Package: atveryend-ltx 2020/08/19 v1.0a Emulation of the original atveryend pac
kage
with kernel methods
)
\Fld@listcount=\count274
\c@bookmark@seq@number=\count275

(/usr/local/texlive/2022/texmf-dist/tex/latex/rerunfilecheck/rerunfilecheck.sty
Package: rerunfilecheck 2019/12/05 v1.9 Rerun checks for auxiliary files (HO)

(/usr/local/texlive/2022/texmf-dist/tex/generic/uniquecounter/uniquecounter.sty
Package: uniquecounter 2019/12/15 v1.4 Provide unlimited unique counter (HO)
)
Package uniquecounter Info: New unique counter `rerunfilecheck' on input line 2
86.
)
\Hy@SectionHShift=\skip54
) (/usr/local/texlive/2022/texmf-dist/tex/latex/ragged2e/ragged2e.sty
Package: ragged2e 2021/12/15 v3.1 ragged2e Package
\CenteringLeftskip=\skip55
\RaggedLeftLeftskip=\skip56
\RaggedRightLeftskip=\skip57
\CenteringRightskip=\skip58
\RaggedLeftRightskip=\skip59
\RaggedRightRightskip=\skip60
\CenteringParfillskip=\skip61
\RaggedLeftParfillskip=\skip62
\RaggedRightParfillskip=\skip63
\JustifyingParfillskip=\skip64
\CenteringParindent=\skip65
\RaggedLeftParindent=\skip66
\RaggedRightParindent=\skip67
\JustifyingParindent=\skip68
)
(/usr/local/texlive/2022/texmf-dist/tex/latex/geometry/geometry.sty
Package: geometry 2020/01/02 v5.9 Page Geometry

(/usr/local/texlive/2022/texmf-dist/tex/generic/iftex/ifvtex.sty
Package: ifvtex 2019/10/25 v1.7 ifvtex legacy package. Use iftex instead.
)
\Gm@cnth=\count276
\Gm@cntv=\count277
\c@Gm@tempcnt=\count278
\Gm@bindingoffset=\dimen151
\Gm@wd@mp=\dimen152
\Gm@odd@mp=\dimen153
\Gm@even@mp=\dimen154
\Gm@layoutwidth=\dimen155
\Gm@layoutheight=\dimen156
\Gm@layouthoffset=\dimen157
\Gm@layoutvoffset=\dimen158
\Gm@dimlist=\toks19
)
(/usr/local/texlive/2022/texmf-dist/tex/latex/changepage/changepage.sty
Package: changepage 2009/10/20 v1.0c check page and change page layout
\c@cp@cntr=\count279
\cp@tempcnt=\count280
)
\@tufte@overhang=\skip69
\@tufte@fullwidth=\skip70
\@tufte@caption@fill=\skip71

(/usr/local/texlive/2022/texmf-dist/tex/latex/paralist/paralist.sty
Package: paralist 2017/01/22 v2.7 Extended list environments
\pltopsep=\skip72
\plpartopsep=\skip73
\plitemsep=\skip74
\plparsep=\skip75
\pl@lab=\toks20
)
(/usr/local/texlive/2022/texmf-dist/tex/latex/textcase/textcase.sty
Package: textcase 2019/09/14 v1.00 Text only upper/lower case changing (DPC)
)
(/usr/local/texlive/2022/texmf-dist/tex/latex/microtype/letterspace.sty
Package: letterspace 2022/03/14 v3.0d Robust letterspacing (RS)
LaTeX Info: Redefining \lsstyle on input line 340.
LaTeX Info: Redefining \lslig on input line 341.
LaTeX Info: Redefining \textls on input line 369.
\MT@outer@kern=\dimen159
)
(/usr/local/texlive/2022/texmf-dist/tex/latex/setspace/setspace.sty
Package: setspace 2011/12/19 v6.7a set line spacing
)
(/usr/local/texlive/2022/texmf-dist/tex/latex/xcolor/xcolor.sty
Package: xcolor 2021/10/31 v2.13 LaTeX color extensions (UK)

(/usr/local/texlive/2022/texmf-dist/tex/latex/graphics-cfg/color.cfg
File: color.cfg 2016/01/02 v1.6 sample color configuration
)
Package xcolor Info: Package option `usenames' ignored on input line 218.
Package xcolor Info: Driver file: pdftex.def on input line 227.

(/usr/local/texlive/2022/texmf-dist/tex/latex/graphics-def/pdftex.def
File: pdftex.def 2020/10/05 v1.2a Graphics/color driver for pdftex
)
Package xcolor Info: Model `cmy' substituted by `cmy0' on input line 1352.
Package xcolor Info: Model `hsb' substituted by `rgb' on input line 1356.
Package xcolor Info: Model `RGB' extended on input line 1368.
Package xcolor Info: Model `HTML' substituted by `rgb' on input line 1370.
Package xcolor Info: Model `Hsb' substituted by `hsb' on input line 1371.
Package xcolor Info: Model `tHsb' substituted by `hsb' on input line 1372.
Package xcolor Info: Model `HSB' substituted by `hsb' on input line 1373.
Package xcolor Info: Model `Gray' substituted by `gray' on input line 1374.
Package xcolor Info: Model `wave' substituted by `hsb' on input line 1375.

(/usr/local/texlive/2022/texmf-dist/tex/latex/graphics/dvipsnam.def
File: dvipsnam.def 2016/06/17 v3.0m Driver-dependent file (DPC,SPQR)
)
(/usr/local/texlive/2022/texmf-dist/tex/latex/xcolor/svgnam.def
File: svgnam.def 2021/10/31 v2.13 Predefined colors according to SVG 1.1 (UK)
))
(/usr/local/texlive/2022/texmf-dist/tex/latex/natbib/natbib.sty
Package: natbib 2010/09/13 8.31b (PWD, AO)
\bibhang=\skip76
\bibsep=\skip77
LaTeX Info: Redefining \cite on input line 694.
\c@NAT@ctr=\count281
)
(/usr/local/texlive/2022/texmf-dist/tex/latex/natbib/bibentry.sty
Package: bibentry 2007/10/30 1.5 (PWD)
)
(./rg_book_main.bbl)
\c@@tufte@num@bibkeys=\count282

(/usr/local/texlive/2022/texmf-dist/tex/latex/sauerj/optparams.sty
Package: optparams 2004/08/14 v0.9 multiple optional parameters in macros
)
\@tufte@sidenote@vertical@offset=\skip78

(/usr/local/texlive/2022/texmf-dist/tex/latex/placeins/placeins.sty
Package: placeins 2005/04/18  v 2.2
)
\@tufte@margin@floatbox=\box51
\@tufte@figure@box=\box52
\@tufte@caption@box=\box53
\@tufte@caption@vertical@offset=\skip79
\@tufte@float@contents@width=\skip80

(/usr/local/texlive/2022/texmf-dist/tex/latex/psnfss/mathpazo.sty
Package: mathpazo 2020/03/25 PSNFSS-v9.3 Palatino w/ Pazo Math (D.Puga, WaS) 
\symupright=\mathgroup4
)
(/usr/local/texlive/2022/texmf-dist/tex/latex/psnfss/helvet.sty
Package: helvet 2020/03/25 PSNFSS-v9.3 (WaS) 
)
(/usr/local/texlive/2022/texmf-dist/tex/latex/bera/beramono.sty
Package: beramono 2004/01/31 (WaS)
)
(/usr/local/texlive/2022/texmf-dist/tex/latex/base/fontenc.sty
Package: fontenc 2021/04/29 v2.0v Standard LaTeX package
LaTeX Font Info:    Trying to load font information for T1+pplj on input line 1
12.

(/usr/local/texlive/2022/texmf-dist/tex/latex/psnfss/t1pplj.fd
File: t1pplj.fd 2004/09/06 font definitions for T1/pplj.
))
(/usr/local/texlive/2022/texmf-dist/tex/latex/base/textcomp.sty
Package: textcomp 2020/02/02 v2.0n Standard LaTeX package
)
(/usr/local/texlive/2022/texmf-dist/tex/latex/fancyhdr/fancyhdr.sty
Package: fancyhdr 2021/01/28 v4.0.1 Extensive control of page headers and foote
rs
\f@nch@headwidth=\skip81
\f@nch@O@elh=\skip82
\f@nch@O@erh=\skip83
\f@nch@O@olh=\skip84
\f@nch@O@orh=\skip85
\f@nch@O@elf=\skip86
\f@nch@O@erf=\skip87
\f@nch@O@olf=\skip88
\f@nch@O@orf=\skip89
)
\tufteskipamount=\skip90

(/usr/local/texlive/2022/texmf-dist/tex/latex/tools/multicol.sty
Package: multicol 2021/10/28 v1.9b multicolumn formatting (FMi)
\c@tracingmulticols=\count283
\mult@box=\box54
\multicol@leftmargin=\dimen160
\c@unbalance=\count284
\c@collectmore=\count285
\doublecol@number=\count286
\multicoltolerance=\count287
\multicolpretolerance=\count288
\full@width=\dimen161
\page@free=\dimen162
\premulticols=\dimen163
\postmulticols=\dimen164
\multicolsep=\skip91
\multicolbaselineskip=\skip92
\partial@page=\box55
\last@line=\box56
\maxbalancingoverflow=\dimen165
\mult@rightbox=\box57
\mult@grightbox=\box58
\mult@firstbox=\box59
\mult@gfirstbox=\box60
\@tempa=\box61
\@tempa=\box62
\@tempa=\box63
\@tempa=\box64
\@tempa=\box65
\@tempa=\box66
\@tempa=\box67
\@tempa=\box68
\@tempa=\box69
\@tempa=\box70
\@tempa=\box71
\@tempa=\box72
\@tempa=\box73
\@tempa=\box74
\@tempa=\box75
\@tempa=\box76
\@tempa=\box77
\@tempa=\box78
\@tempa=\box79
\@tempa=\box80
\@tempa=\box81
\@tempa=\box82
\@tempa=\box83
\@tempa=\box84
\@tempa=\box85
\@tempa=\box86
\@tempa=\box87
\@tempa=\box88
\@tempa=\box89
\@tempa=\box90
\@tempa=\box91
\@tempa=\box92
\@tempa=\box93
\@tempa=\box94
\@tempa=\box95
\@tempa=\box96
\c@minrows=\count289
\c@columnbadness=\count290
\c@finalcolumnbadness=\count291
\last@try=\dimen166
\multicolovershoot=\dimen167
\multicolundershoot=\dimen168
\mult@nat@firstbox=\box97
\colbreak@box=\box98
\mc@col@check@num=\count292
)))
(/usr/local/texlive/2022/texmf-dist/tex/latex/amsmath/amsmath.sty
Package: amsmath 2021/10/15 v2.17l AMS math features
\@mathmargin=\skip93

For additional information on amsmath, use the `?' option.
(/usr/local/texlive/2022/texmf-dist/tex/latex/amsmath/amstext.sty
Package: amstext 2021/08/26 v2.01 AMS text

(/usr/local/texlive/2022/texmf-dist/tex/latex/amsmath/amsgen.sty
File: amsgen.sty 1999/11/30 v2.0 generic functions
\@emptytoks=\toks21
\ex@=\dimen169
))
(/usr/local/texlive/2022/texmf-dist/tex/latex/amsmath/amsbsy.sty
Package: amsbsy 1999/11/29 v1.2d Bold Symbols
\pmbraise@=\dimen170
)
(/usr/local/texlive/2022/texmf-dist/tex/latex/amsmath/amsopn.sty
Package: amsopn 2021/08/26 v2.02 operator names
)
\inf@bad=\count293
LaTeX Info: Redefining \frac on input line 234.
\uproot@=\count294
\leftroot@=\count295
LaTeX Info: Redefining \overline on input line 399.
\classnum@=\count296
\DOTSCASE@=\count297
LaTeX Info: Redefining \ldots on input line 496.
LaTeX Info: Redefining \dots on input line 499.
LaTeX Info: Redefining \cdots on input line 620.
\Mathstrutbox@=\box99
\strutbox@=\box100
\big@size=\dimen171
LaTeX Font Info:    Redeclaring font encoding OML on input line 743.
LaTeX Font Info:    Redeclaring font encoding OMS on input line 744.
\macc@depth=\count298
\c@MaxMatrixCols=\count299
\dotsspace@=\muskip17
\c@parentequation=\count300
\dspbrk@lvl=\count301
\tag@help=\toks22
\row@=\count302
\column@=\count303
\maxfields@=\count304
\andhelp@=\toks23
\eqnshift@=\dimen172
\alignsep@=\dimen173
\tagshift@=\dimen174
\tagwidth@=\dimen175
\totwidth@=\dimen176
\lineht@=\dimen177
\@envbody=\toks24
\multlinegap=\skip94
\multlinetaggap=\skip95
\mathdisplay@stack=\toks25
LaTeX Info: Redefining \[ on input line 2938.
LaTeX Info: Redefining \] on input line 2939.
)
(/usr/local/texlive/2022/texmf-dist/tex/latex/amsfonts/amssymb.sty
Package: amssymb 2013/01/14 v3.01 AMS font symbols

(/usr/local/texlive/2022/texmf-dist/tex/latex/amsfonts/amsfonts.sty
Package: amsfonts 2013/01/14 v3.01 Basic AMSFonts support
\symAMSa=\mathgroup5
\symAMSb=\mathgroup6
LaTeX Font Info:    Redeclaring math symbol \hbar on input line 98.
LaTeX Font Info:    Overwriting math alphabet `\mathfrak' in version `bold'
(Font)                  U/euf/m/n --> U/euf/b/n on input line 106.
))
(/usr/local/texlive/2022/texmf-dist/tex/latex/mathtools/mathtools.sty
Package: mathtools 2022/02/07 v1.28a mathematical typesetting tools

(/usr/local/texlive/2022/texmf-dist/tex/latex/mathtools/mhsetup.sty
Package: mhsetup 2021/03/18 v1.4 programming setup (MH)
)
\g_MT_multlinerow_int=\count305
\l_MT_multwidth_dim=\dimen178
\origjot=\skip96
\l_MT_shortvdotswithinadjustabove_dim=\dimen179
\l_MT_shortvdotswithinadjustbelow_dim=\dimen180
\l_MT_above_intertext_sep=\dimen181
\l_MT_below_intertext_sep=\dimen182
\l_MT_above_shortintertext_sep=\dimen183
\l_MT_below_shortintertext_sep=\dimen184
\xmathstrut@box=\box101
\xmathstrut@dim=\dimen185
)
(/usr/local/texlive/2022/texmf-dist/tex/latex/carlisle/slashed.sty
Package: slashed 1997/01/16 v0.01 Feynman Slashed Character Notation (DPC)
)
(/usr/local/texlive/2022/texmf-dist/tex/latex/graphics/graphicx.sty
Package: graphicx 2021/09/16 v1.2d Enhanced LaTeX Graphics (DPC,SPQR)

(/usr/local/texlive/2022/texmf-dist/tex/latex/graphics/graphics.sty
Package: graphics 2021/03/04 v1.4d Standard LaTeX Graphics (DPC,SPQR)

(/usr/local/texlive/2022/texmf-dist/tex/latex/graphics/trig.sty
Package: trig 2021/08/11 v1.11 sin cos tan (DPC)
)
(/usr/local/texlive/2022/texmf-dist/tex/latex/graphics-cfg/graphics.cfg
File: graphics.cfg 2016/06/04 v1.11 sample graphics configuration
)
Package graphics Info: Driver file: pdftex.def on input line 107.
)
\Gin@req@height=\dimen186
\Gin@req@width=\dimen187
)
(/usr/local/texlive/2022/texmf-dist/tex/latex/tools/bm.sty
Package: bm 2021/04/25 v1.2e Bold Symbol Support (DPC/FMi)
\symboldoperators=\mathgroup7
\symboldletters=\mathgroup8
\symboldsymbols=\mathgroup9
Package bm Info: No bold for \OMX/zplm/m/n, using \pmb.
\symboldupright=\mathgroup10
Package bm Info: No bold for \U/msa/m/n, using \pmb.
Package bm Info: No bold for \U/msb/m/n, using \pmb.
LaTeX Font Info:    Redeclaring math alphabet \mathbf on input line 149.
)
(/usr/local/texlive/2022/texmf-dist/tex/latex/jknapltx/mathrsfs.sty
Package: mathrsfs 1996/01/01 Math RSFS package v1.0 (jk)
\symrsfs=\mathgroup11
)
(/usr/local/texlive/2022/texmf-dist/tex/latex/bbold/bbold.sty
Package: bbold 1994/04/06 Bbold symbol package
LaTeX Font Info:    Redeclaring math alphabet \mathbb on input line 42.
)
(/usr/local/texlive/2022/texmf-dist/tex/latex/pgf/frontendlayer/tikz.sty
(/usr/local/texlive/2022/texmf-dist/tex/latex/pgf/basiclayer/pgf.sty
(/usr/local/texlive/2022/texmf-dist/tex/latex/pgf/utilities/pgfrcs.sty
(/usr/local/texlive/2022/texmf-dist/tex/generic/pgf/utilities/pgfutil-common.te
x
\pgfutil@everybye=\toks26
\pgfutil@tempdima=\dimen188
\pgfutil@tempdimb=\dimen189

(/usr/local/texlive/2022/texmf-dist/tex/generic/pgf/utilities/pgfutil-common-li
sts.tex))
(/usr/local/texlive/2022/texmf-dist/tex/generic/pgf/utilities/pgfutil-latex.def
\pgfutil@abb=\box102
) (/usr/local/texlive/2022/texmf-dist/tex/generic/pgf/utilities/pgfrcs.code.tex
(/usr/local/texlive/2022/texmf-dist/tex/generic/pgf/pgf.revision.tex)
Package: pgfrcs 2021/05/15 v3.1.9a (3.1.9a)
))
Package: pgf 2021/05/15 v3.1.9a (3.1.9a)

(/usr/local/texlive/2022/texmf-dist/tex/latex/pgf/basiclayer/pgfcore.sty
(/usr/local/texlive/2022/texmf-dist/tex/latex/pgf/systemlayer/pgfsys.sty
(/usr/local/texlive/2022/texmf-dist/tex/generic/pgf/systemlayer/pgfsys.code.tex
Package: pgfsys 2021/05/15 v3.1.9a (3.1.9a)
(/usr/local/texlive/2022/texmf-dist/tex/generic/pgf/utilities/pgfkeys.code.tex
\pgfkeys@pathtoks=\toks27
\pgfkeys@temptoks=\toks28

(/usr/local/texlive/2022/texmf-dist/tex/generic/pgf/utilities/pgfkeysfiltered.c
ode.tex
\pgfkeys@tmptoks=\toks29
))
\pgf@x=\dimen190
\pgf@y=\dimen191
\pgf@xa=\dimen192
\pgf@ya=\dimen193
\pgf@xb=\dimen194
\pgf@yb=\dimen195
\pgf@xc=\dimen196
\pgf@yc=\dimen197
\pgf@xd=\dimen198
\pgf@yd=\dimen199
\w@pgf@writea=\write3
\r@pgf@reada=\read2
\c@pgf@counta=\count306
\c@pgf@countb=\count307
\c@pgf@countc=\count308
\c@pgf@countd=\count309
\t@pgf@toka=\toks30
\t@pgf@tokb=\toks31
\t@pgf@tokc=\toks32
\pgf@sys@id@count=\count310

(/usr/local/texlive/2022/texmf-dist/tex/generic/pgf/systemlayer/pgf.cfg
File: pgf.cfg 2021/05/15 v3.1.9a (3.1.9a)
)
Driver file for pgf: pgfsys-pdftex.def

(/usr/local/texlive/2022/texmf-dist/tex/generic/pgf/systemlayer/pgfsys-pdftex.d
ef
File: pgfsys-pdftex.def 2021/05/15 v3.1.9a (3.1.9a)

(/usr/local/texlive/2022/texmf-dist/tex/generic/pgf/systemlayer/pgfsys-common-p
df.def
File: pgfsys-common-pdf.def 2021/05/15 v3.1.9a (3.1.9a)
)))
(/usr/local/texlive/2022/texmf-dist/tex/generic/pgf/systemlayer/pgfsyssoftpath.
code.tex
File: pgfsyssoftpath.code.tex 2021/05/15 v3.1.9a (3.1.9a)
\pgfsyssoftpath@smallbuffer@items=\count311
\pgfsyssoftpath@bigbuffer@items=\count312
)
(/usr/local/texlive/2022/texmf-dist/tex/generic/pgf/systemlayer/pgfsysprotocol.
code.tex
File: pgfsysprotocol.code.tex 2021/05/15 v3.1.9a (3.1.9a)
))
(/usr/local/texlive/2022/texmf-dist/tex/generic/pgf/basiclayer/pgfcore.code.tex
Package: pgfcore 2021/05/15 v3.1.9a (3.1.9a)
(/usr/local/texlive/2022/texmf-dist/tex/generic/pgf/math/pgfmath.code.tex
(/usr/local/texlive/2022/texmf-dist/tex/generic/pgf/math/pgfmathcalc.code.tex
(/usr/local/texlive/2022/texmf-dist/tex/generic/pgf/math/pgfmathutil.code.tex)
(/usr/local/texlive/2022/texmf-dist/tex/generic/pgf/math/pgfmathparser.code.tex
\pgfmath@dimen=\dimen256
\pgfmath@count=\count313
\pgfmath@box=\box103
\pgfmath@toks=\toks33
\pgfmath@stack@operand=\toks34
\pgfmath@stack@operation=\toks35
)
(/usr/local/texlive/2022/texmf-dist/tex/generic/pgf/math/pgfmathfunctions.code.
tex
(/usr/local/texlive/2022/texmf-dist/tex/generic/pgf/math/pgfmathfunctions.basic
.code.tex)
(/usr/local/texlive/2022/texmf-dist/tex/generic/pgf/math/pgfmathfunctions.trigo
nometric.code.tex)
(/usr/local/texlive/2022/texmf-dist/tex/generic/pgf/math/pgfmathfunctions.rando
m.code.tex)
(/usr/local/texlive/2022/texmf-dist/tex/generic/pgf/math/pgfmathfunctions.compa
rison.code.tex)
(/usr/local/texlive/2022/texmf-dist/tex/generic/pgf/math/pgfmathfunctions.base.
code.tex)
(/usr/local/texlive/2022/texmf-dist/tex/generic/pgf/math/pgfmathfunctions.round
.code.tex)
(/usr/local/texlive/2022/texmf-dist/tex/generic/pgf/math/pgfmathfunctions.misc.
code.tex)
(/usr/local/texlive/2022/texmf-dist/tex/generic/pgf/math/pgfmathfunctions.integ
erarithmetics.code.tex)))
(/usr/local/texlive/2022/texmf-dist/tex/generic/pgf/math/pgfmathfloat.code.tex
\c@pgfmathroundto@lastzeros=\count314
)) (/usr/local/texlive/2022/texmf-dist/tex/generic/pgf/math/pgfint.code.tex)
(/usr/local/texlive/2022/texmf-dist/tex/generic/pgf/basiclayer/pgfcorepoints.co
de.tex
File: pgfcorepoints.code.tex 2021/05/15 v3.1.9a (3.1.9a)
\pgf@picminx=\dimen257
\pgf@picmaxx=\dimen258
\pgf@picminy=\dimen259
\pgf@picmaxy=\dimen260
\pgf@pathminx=\dimen261
\pgf@pathmaxx=\dimen262
\pgf@pathminy=\dimen263
\pgf@pathmaxy=\dimen264
\pgf@xx=\dimen265
\pgf@xy=\dimen266
\pgf@yx=\dimen267
\pgf@yy=\dimen268
\pgf@zx=\dimen269
\pgf@zy=\dimen270
)
(/usr/local/texlive/2022/texmf-dist/tex/generic/pgf/basiclayer/pgfcorepathconst
ruct.code.tex
File: pgfcorepathconstruct.code.tex 2021/05/15 v3.1.9a (3.1.9a)
\pgf@path@lastx=\dimen271
\pgf@path@lasty=\dimen272
)
(/usr/local/texlive/2022/texmf-dist/tex/generic/pgf/basiclayer/pgfcorepathusage
.code.tex
File: pgfcorepathusage.code.tex 2021/05/15 v3.1.9a (3.1.9a)
\pgf@shorten@end@additional=\dimen273
\pgf@shorten@start@additional=\dimen274
)
(/usr/local/texlive/2022/texmf-dist/tex/generic/pgf/basiclayer/pgfcorescopes.co
de.tex
File: pgfcorescopes.code.tex 2021/05/15 v3.1.9a (3.1.9a)
\pgfpic=\box104
\pgf@hbox=\box105
\pgf@layerbox@main=\box106
\pgf@picture@serial@count=\count315
)
(/usr/local/texlive/2022/texmf-dist/tex/generic/pgf/basiclayer/pgfcoregraphicst
ate.code.tex
File: pgfcoregraphicstate.code.tex 2021/05/15 v3.1.9a (3.1.9a)
\pgflinewidth=\dimen275
)
(/usr/local/texlive/2022/texmf-dist/tex/generic/pgf/basiclayer/pgfcoretransform
ations.code.tex
File: pgfcoretransformations.code.tex 2021/05/15 v3.1.9a (3.1.9a)
\pgf@pt@x=\dimen276
\pgf@pt@y=\dimen277
\pgf@pt@temp=\dimen278
)
(/usr/local/texlive/2022/texmf-dist/tex/generic/pgf/basiclayer/pgfcorequick.cod
e.tex
File: pgfcorequick.code.tex 2021/05/15 v3.1.9a (3.1.9a)
)
(/usr/local/texlive/2022/texmf-dist/tex/generic/pgf/basiclayer/pgfcoreobjects.c
ode.tex
File: pgfcoreobjects.code.tex 2021/05/15 v3.1.9a (3.1.9a)
)
(/usr/local/texlive/2022/texmf-dist/tex/generic/pgf/basiclayer/pgfcorepathproce
ssing.code.tex
File: pgfcorepathprocessing.code.tex 2021/05/15 v3.1.9a (3.1.9a)
)
(/usr/local/texlive/2022/texmf-dist/tex/generic/pgf/basiclayer/pgfcorearrows.co
de.tex
File: pgfcorearrows.code.tex 2021/05/15 v3.1.9a (3.1.9a)
\pgfarrowsep=\dimen279
)
(/usr/local/texlive/2022/texmf-dist/tex/generic/pgf/basiclayer/pgfcoreshade.cod
e.tex
File: pgfcoreshade.code.tex 2021/05/15 v3.1.9a (3.1.9a)
\pgf@max=\dimen280
\pgf@sys@shading@range@num=\count316
\pgf@shadingcount=\count317
)
(/usr/local/texlive/2022/texmf-dist/tex/generic/pgf/basiclayer/pgfcoreimage.cod
e.tex
File: pgfcoreimage.code.tex 2021/05/15 v3.1.9a (3.1.9a)

(/usr/local/texlive/2022/texmf-dist/tex/generic/pgf/basiclayer/pgfcoreexternal.
code.tex
File: pgfcoreexternal.code.tex 2021/05/15 v3.1.9a (3.1.9a)
\pgfexternal@startupbox=\box107
))
(/usr/local/texlive/2022/texmf-dist/tex/generic/pgf/basiclayer/pgfcorelayers.co
de.tex
File: pgfcorelayers.code.tex 2021/05/15 v3.1.9a (3.1.9a)
)
(/usr/local/texlive/2022/texmf-dist/tex/generic/pgf/basiclayer/pgfcoretranspare
ncy.code.tex
File: pgfcoretransparency.code.tex 2021/05/15 v3.1.9a (3.1.9a)
)
(/usr/local/texlive/2022/texmf-dist/tex/generic/pgf/basiclayer/pgfcorepatterns.
code.tex
File: pgfcorepatterns.code.tex 2021/05/15 v3.1.9a (3.1.9a)
)
(/usr/local/texlive/2022/texmf-dist/tex/generic/pgf/basiclayer/pgfcorerdf.code.
tex
File: pgfcorerdf.code.tex 2021/05/15 v3.1.9a (3.1.9a)
)))
(/usr/local/texlive/2022/texmf-dist/tex/generic/pgf/modules/pgfmoduleshapes.cod
e.tex
File: pgfmoduleshapes.code.tex 2021/05/15 v3.1.9a (3.1.9a)
\pgfnodeparttextbox=\box108
)
(/usr/local/texlive/2022/texmf-dist/tex/generic/pgf/modules/pgfmoduleplot.code.
tex
File: pgfmoduleplot.code.tex 2021/05/15 v3.1.9a (3.1.9a)
)
(/usr/local/texlive/2022/texmf-dist/tex/latex/pgf/compatibility/pgfcomp-version
-0-65.sty
Package: pgfcomp-version-0-65 2021/05/15 v3.1.9a (3.1.9a)
\pgf@nodesepstart=\dimen281
\pgf@nodesepend=\dimen282
)
(/usr/local/texlive/2022/texmf-dist/tex/latex/pgf/compatibility/pgfcomp-version
-1-18.sty
Package: pgfcomp-version-1-18 2021/05/15 v3.1.9a (3.1.9a)
))
(/usr/local/texlive/2022/texmf-dist/tex/latex/pgf/utilities/pgffor.sty
(/usr/local/texlive/2022/texmf-dist/tex/latex/pgf/utilities/pgfkeys.sty
(/usr/local/texlive/2022/texmf-dist/tex/generic/pgf/utilities/pgfkeys.code.tex)
) (/usr/local/texlive/2022/texmf-dist/tex/latex/pgf/math/pgfmath.sty
(/usr/local/texlive/2022/texmf-dist/tex/generic/pgf/math/pgfmath.code.tex))
(/usr/local/texlive/2022/texmf-dist/tex/generic/pgf/utilities/pgffor.code.tex
Package: pgffor 2021/05/15 v3.1.9a (3.1.9a)

(/usr/local/texlive/2022/texmf-dist/tex/generic/pgf/math/pgfmath.code.tex)
\pgffor@iter=\dimen283
\pgffor@skip=\dimen284
\pgffor@stack=\toks36
\pgffor@toks=\toks37
))
(/usr/local/texlive/2022/texmf-dist/tex/generic/pgf/frontendlayer/tikz/tikz.cod
e.tex
Package: tikz 2021/05/15 v3.1.9a (3.1.9a)

(/usr/local/texlive/2022/texmf-dist/tex/generic/pgf/libraries/pgflibraryplothan
dlers.code.tex
File: pgflibraryplothandlers.code.tex 2021/05/15 v3.1.9a (3.1.9a)
\pgf@plot@mark@count=\count318
\pgfplotmarksize=\dimen285
)
\tikz@lastx=\dimen286
\tikz@lasty=\dimen287
\tikz@lastxsaved=\dimen288
\tikz@lastysaved=\dimen289
\tikz@lastmovetox=\dimen290
\tikz@lastmovetoy=\dimen291
\tikzleveldistance=\dimen292
\tikzsiblingdistance=\dimen293
\tikz@figbox=\box109
\tikz@figbox@bg=\box110
\tikz@tempbox=\box111
\tikz@tempbox@bg=\box112
\tikztreelevel=\count319
\tikznumberofchildren=\count320
\tikznumberofcurrentchild=\count321
\tikz@fig@count=\count322

(/usr/local/texlive/2022/texmf-dist/tex/generic/pgf/modules/pgfmodulematrix.cod
e.tex
File: pgfmodulematrix.code.tex 2021/05/15 v3.1.9a (3.1.9a)
\pgfmatrixcurrentrow=\count323
\pgfmatrixcurrentcolumn=\count324
\pgf@matrix@numberofcolumns=\count325
)
\tikz@expandcount=\count326

(/usr/local/texlive/2022/texmf-dist/tex/generic/pgf/frontendlayer/tikz/librarie
s/tikzlibrarytopaths.code.tex
File: tikzlibrarytopaths.code.tex 2021/05/15 v3.1.9a (3.1.9a)
)))
(/usr/local/texlive/2022/texmf-dist/tex/latex/tikz-cd/tikz-cd.sty
Package: tikz-cd 2021/05/04 v1.0 Commutative diagrams with TikZ

(/usr/local/texlive/2022/texmf-dist/tex/generic/tikz-cd/tikzlibrarycd.code.tex
(/usr/local/texlive/2022/texmf-dist/tex/generic/pgf/frontendlayer/tikz/librarie
s/tikzlibrarymatrix.code.tex
File: tikzlibrarymatrix.code.tex 2021/05/15 v3.1.9a (3.1.9a)
)
(/usr/local/texlive/2022/texmf-dist/tex/generic/pgf/frontendlayer/tikz/librarie
s/tikzlibraryquotes.code.tex
File: tikzlibraryquotes.code.tex 2021/05/15 v3.1.9a (3.1.9a)
)
(/usr/local/texlive/2022/texmf-dist/tex/generic/pgf/libraries/pgflibraryarrows.
meta.code.tex
File: pgflibraryarrows.meta.code.tex 2021/05/15 v3.1.9a (3.1.9a)
\pgfarrowinset=\dimen294
\pgfarrowlength=\dimen295
\pgfarrowwidth=\dimen296
\pgfarrowlinewidth=\dimen297
)))
(/usr/local/texlive/2022/texmf-dist/tex/generic/pgf/frontendlayer/tikz/librarie
s/tikzlibraryarrows.code.tex
File: tikzlibraryarrows.code.tex 2021/05/15 v3.1.9a (3.1.9a)

(/usr/local/texlive/2022/texmf-dist/tex/generic/pgf/libraries/pgflibraryarrows.
code.tex
File: pgflibraryarrows.code.tex 2021/05/15 v3.1.9a (3.1.9a)
\arrowsize=\dimen298
))
(/usr/local/texlive/2022/texmf-dist/tex/generic/pgf/frontendlayer/tikz/librarie
s/tikzlibrarydecorations.pathmorphing.code.tex
(/usr/local/texlive/2022/texmf-dist/tex/generic/pgf/frontendlayer/tikz/librarie
s/tikzlibrarydecorations.code.tex
(/usr/local/texlive/2022/texmf-dist/tex/generic/pgf/modules/pgfmoduledecoration
s.code.tex
\pgfdecoratedcompleteddistance=\dimen299
\pgfdecoratedremainingdistance=\dimen300
\pgfdecoratedinputsegmentcompleteddistance=\dimen301
\pgfdecoratedinputsegmentremainingdistance=\dimen302
\pgf@decorate@distancetomove=\dimen303
\pgf@decorate@repeatstate=\count327
\pgfdecorationsegmentamplitude=\dimen304
\pgfdecorationsegmentlength=\dimen305
)
\tikz@lib@dec@box=\box113
)
(/usr/local/texlive/2022/texmf-dist/tex/generic/pgf/libraries/decorations/pgfli
brarydecorations.pathmorphing.code.tex))
(/usr/local/texlive/2022/texmf-dist/tex/generic/pgf/frontendlayer/tikz/librarie
s/tikzlibrarydecorations.markings.code.tex
(/usr/local/texlive/2022/texmf-dist/tex/generic/pgf/libraries/decorations/pgfli
brarydecorations.markings.code.tex))
(/usr/local/texlive/2022/texmf-dist/tex/latex/pgfplots/pgfplots.sty
(/usr/local/texlive/2022/texmf-dist/tex/generic/pgfplots/pgfplots.revision.tex)
Package: pgfplots 2021/05/15 v1.18.1 Data Visualization (1.18.1)
(/usr/local/texlive/2022/texmf-dist/tex/generic/pgfplots/pgfplots.code.tex
(/usr/local/texlive/2022/texmf-dist/tex/generic/pgfplots/pgfplotscore.code.tex
\t@pgfplots@toka=\toks38
\t@pgfplots@tokb=\toks39
\t@pgfplots@tokc=\toks40
\pgfplots@tmpa=\dimen306
\c@pgfplots@coordindex=\count328
\c@pgfplots@scanlineindex=\count329

(/usr/local/texlive/2022/texmf-dist/tex/generic/pgfplots/sys/pgfplotssysgeneric
.code.tex))
(/usr/local/texlive/2022/texmf-dist/tex/generic/pgfplots/libs/pgfplotslibrary.c
ode.tex)
(/usr/local/texlive/2022/texmf-dist/tex/generic/pgfplots/oldpgfcompatib/pgfplot
soldpgfsupp_loader.code.tex
(/usr/local/texlive/2022/texmf-dist/tex/generic/pgf/libraries/pgflibraryfpu.cod
e.tex))
(/usr/local/texlive/2022/texmf-dist/tex/generic/pgfplots/util/pgfplotsutil.code
.tex
(/usr/local/texlive/2022/texmf-dist/tex/generic/pgfplots/liststructure/pgfplots
liststructure.code.tex)
(/usr/local/texlive/2022/texmf-dist/tex/generic/pgfplots/liststructure/pgfplots
liststructureext.code.tex)
(/usr/local/texlive/2022/texmf-dist/tex/generic/pgfplots/liststructure/pgfplots
array.code.tex
\c@pgfplotsarray@tmp=\count330
)
(/usr/local/texlive/2022/texmf-dist/tex/generic/pgfplots/liststructure/pgfplots
matrix.code.tex)
(/usr/local/texlive/2022/texmf-dist/tex/generic/pgfplots/numtable/pgfplotstable
shared.code.tex
\c@pgfplotstable@counta=\count331
\t@pgfplotstable@a=\toks41
)
(/usr/local/texlive/2022/texmf-dist/tex/generic/pgfplots/liststructure/pgfplots
deque.code.tex)
(/usr/local/texlive/2022/texmf-dist/tex/generic/pgfplots/util/pgfplotsbinary.co
de.tex
(/usr/local/texlive/2022/texmf-dist/tex/generic/pgfplots/util/pgfplotsbinary.da
ta.code.tex))
(/usr/local/texlive/2022/texmf-dist/tex/generic/pgfplots/util/pgfplotsutil.verb
.code.tex)
(/usr/local/texlive/2022/texmf-dist/tex/generic/pgfplots/libs/pgflibrarypgfplot
s.surfshading.code.tex
\c@pgfplotslibrarysurf@no=\count332

(/usr/local/texlive/2022/texmf-dist/tex/generic/pgfplots/sys/pgflibrarypgfplots
.surfshading.pgfsys-pdftex.def)))
(/usr/local/texlive/2022/texmf-dist/tex/generic/pgfplots/util/pgfplotscolormap.
code.tex
(/usr/local/texlive/2022/texmf-dist/tex/generic/pgfplots/util/pgfplotscolor.cod
e.tex))
(/usr/local/texlive/2022/texmf-dist/tex/generic/pgfplots/pgfplotsstackedplots.c
ode.tex)
(/usr/local/texlive/2022/texmf-dist/tex/generic/pgfplots/pgfplotsplothandlers.c
ode.tex
(/usr/local/texlive/2022/texmf-dist/tex/generic/pgfplots/pgfplotsmeshplothandle
r.code.tex
(/usr/local/texlive/2022/texmf-dist/tex/generic/pgfplots/pgfplotsmeshplotimage.
code.tex)))
(/usr/local/texlive/2022/texmf-dist/tex/generic/pgfplots/pgfplots.scaling.code.
tex)
(/usr/local/texlive/2022/texmf-dist/tex/generic/pgfplots/pgfplotscoordprocessin
g.code.tex)
(/usr/local/texlive/2022/texmf-dist/tex/generic/pgfplots/pgfplots.errorbars.cod
e.tex)
(/usr/local/texlive/2022/texmf-dist/tex/generic/pgfplots/pgfplots.markers.code.
tex)
(/usr/local/texlive/2022/texmf-dist/tex/generic/pgfplots/pgfplotsticks.code.tex
)
(/usr/local/texlive/2022/texmf-dist/tex/generic/pgfplots/pgfplots.paths.code.te
x)
(/usr/local/texlive/2022/texmf-dist/tex/generic/pgf/frontendlayer/tikz/librarie
s/tikzlibrarydecorations.pathreplacing.code.tex
(/usr/local/texlive/2022/texmf-dist/tex/generic/pgf/libraries/decorations/pgfli
brarydecorations.pathreplacing.code.tex))
(/usr/local/texlive/2022/texmf-dist/tex/generic/pgfplots/libs/tikzlibrarypgfplo
ts.contourlua.code.tex)
\pgfplots@numplots=\count333
\pgfplots@xmin@reg=\dimen307
\pgfplots@xmax@reg=\dimen308
\pgfplots@ymin@reg=\dimen309
\pgfplots@ymax@reg=\dimen310
\pgfplots@zmin@reg=\dimen311
\pgfplots@zmax@reg=\dimen312
)
(/usr/local/texlive/2022/texmf-dist/tex/generic/pgf/frontendlayer/tikz/librarie
s/tikzlibraryplotmarks.code.tex
File: tikzlibraryplotmarks.code.tex 2021/05/15 v3.1.9a (3.1.9a)

(/usr/local/texlive/2022/texmf-dist/tex/generic/pgf/libraries/pgflibraryplotmar
ks.code.tex
File: pgflibraryplotmarks.code.tex 2021/05/15 v3.1.9a (3.1.9a)
)))
(/usr/local/texlive/2022/texmf-dist/tex/latex/booktabs/booktabs.sty
Package: booktabs 2020/01/12 v1.61803398 Publication quality tables
\heavyrulewidth=\dimen313
\lightrulewidth=\dimen314
\cmidrulewidth=\dimen315
\belowrulesep=\dimen316
\belowbottomsep=\dimen317
\aboverulesep=\dimen318
\abovetopsep=\dimen319
\cmidrulesep=\dimen320
\cmidrulekern=\dimen321
\defaultaddspace=\dimen322
\@cmidla=\count334
\@cmidlb=\count335
\@aboverulesep=\dimen323
\@belowrulesep=\dimen324
\@thisruleclass=\count336
\@lastruleclass=\count337
\@thisrulewidth=\dimen325
)
(/usr/local/texlive/2022/texmf-dist/tex/latex/lipsum/lipsum.sty
(/usr/local/texlive/2022/texmf-dist/tex/latex/l3packages/l3keys2e/l3keys2e.sty
(/usr/local/texlive/2022/texmf-dist/tex/latex/l3kernel/expl3.sty
Package: expl3 2022-02-24 L3 programming layer (loader) 

(/usr/local/texlive/2022/texmf-dist/tex/latex/l3backend/l3backend-pdftex.def
File: l3backend-pdftex.def 2022-02-07 L3 backend support: PDF output (pdfTeX)
\l__color_backend_stack_int=\count338
\l__pdf_internal_box=\box114
))
Package: l3keys2e 2022-01-12 LaTeX2e option processing using LaTeX3 keys
)
Package: lipsum 2021-09-20 v2.7 150 paragraphs of Lorem Ipsum dummy text
\g__lipsum_par_int=\count339
\l__lipsum_a_int=\count340
\l__lipsum_b_int=\count341
(/usr/local/texlive/2022/texmf-dist/tex/latex/lipsum/lipsum.ltd.tex))
(/usr/local/texlive/2022/texmf-dist/tex/latex/units/units.sty
Package: units 1998/08/04 v0.9b Typesetting units

(/usr/local/texlive/2022/texmf-dist/tex/latex/units/nicefrac.sty
Package: nicefrac 1998/08/04 v0.9b Nice fractions
\L@UnitsRaiseDisplaystyle=\skip97
\L@UnitsRaiseTextstyle=\skip98
\L@UnitsRaiseScriptstyle=\skip99
))
(/usr/local/texlive/2022/texmf-dist/tex/latex/fancyvrb/fancyvrb.sty
Package: fancyvrb 2021/12/21 4.1b verbatim text (tvz,hv)
\FV@CodeLineNo=\count342
\FV@InFile=\read3
\FV@TabBox=\box115
\c@FancyVerbLine=\count343
\FV@StepNumber=\count344
\FV@OutFile=\write4
)
(/usr/local/texlive/2022/texmf-dist/tex/latex/enumitem/enumitem.sty
Package: enumitem 2019/06/20 v3.9 Customized lists
\enitkv@toks@=\toks42
\labelindent=\skip100
\enit@outerparindent=\dimen326
\enit@toks=\toks43
\enit@inbox=\box116
\enit@count@id=\count345
\enitdp@description=\count346
)
(/usr/local/texlive/2022/texmf-dist/tex/latex/tcolorbox/tcolorbox.sty
Package: tcolorbox 2022/01/07 version 5.0.2 text color boxes

(/usr/local/texlive/2022/texmf-dist/tex/latex/tools/verbatim.sty
Package: verbatim 2020-07-07 v1.5u LaTeX2e package for verbatim enhancements
\every@verbatim=\toks44
\verbatim@line=\toks45
\verbatim@in@stream=\read4
)
(/usr/local/texlive/2022/texmf-dist/tex/latex/environ/environ.sty
Package: environ 2014/05/04 v0.3 A new way to define environments

(/usr/local/texlive/2022/texmf-dist/tex/latex/trimspaces/trimspaces.sty
Package: trimspaces 2009/09/17 v1.1 Trim spaces around a token list
))
(/usr/local/texlive/2022/texmf-dist/tex/latex/etoolbox/etoolbox.sty
Package: etoolbox 2020/10/05 v2.5k e-TeX tools for LaTeX (JAW)
\etb@tempcnta=\count347
)
\tcb@titlebox=\box117
\tcb@upperbox=\box118
\tcb@lowerbox=\box119
\tcb@phantombox=\box120
\c@tcbbreakpart=\count348
\c@tcblayer=\count349
\c@tcolorbox@number=\count350
\tcb@temp=\box121
\tcb@temp=\box122
\tcb@temp=\box123
\tcb@temp=\box124

(/usr/local/texlive/2022/texmf-dist/tex/latex/tcolorbox/tcbraster.code.tex
Library (tcolorbox): 'tcbraster.code.tex' version '5.0.2'
\c@tcbrastercolumn=\count351
\c@tcbrasterrow=\count352
\c@tcbrasternum=\count353
\c@tcbraster=\count354
) (/usr/local/texlive/2022/texmf-dist/tex/latex/tcolorbox/tcbskins.code.tex
Library (tcolorbox): 'tcbskins.code.tex' version '5.0.2'
\tcb@waterbox=\box125

(/usr/local/texlive/2022/texmf-dist/tex/latex/tcolorbox/tcbskinsjigsaw.code.tex
Library (tcolorbox): 'tcbskinsjigsaw.code.tex' version '5.0.2'
))
(/usr/local/texlive/2022/texmf-dist/tex/latex/tcolorbox/tcbbreakable.code.tex
Library (tcolorbox): 'tcbbreakable.code.tex' version '5.0.2'
(/usr/local/texlive/2022/texmf-dist/tex/generic/oberdiek/pdfcol.sty
Package: pdfcol 2019/12/29 v1.6 Handle new color stacks for pdfTeX (HO)
)
Package pdfcol Info: New color stack `tcb@breakable' = 1 on input line 23.
\tcb@testbox=\box126
\tcb@totalupperbox=\box127
\tcb@totallowerbox=\box128
)
(/usr/local/texlive/2022/texmf-dist/tex/latex/tcolorbox/tcbhooks.code.tex
Library (tcolorbox): 'tcbhooks.code.tex' version '5.0.2'
) (/usr/local/texlive/2022/texmf-dist/tex/latex/tcolorbox/tcbtheorems.code.tex
Library (tcolorbox): 'tcbtheorems.code.tex' version '5.0.2'
) (/usr/local/texlive/2022/texmf-dist/tex/latex/tcolorbox/tcbfitting.code.tex
Library (tcolorbox): 'tcbfitting.code.tex' version '5.0.2'
\tcbfitdim=\dimen327
\tcb@lowerfitdim=\dimen328
\tcb@upperfitdim=\dimen329
\tcb@cur@hbadness=\count355
) (/usr/local/texlive/2022/texmf-dist/tex/latex/tcolorbox/tcbxparse.code.tex
Library (tcolorbox): 'tcbxparse.code.tex' version '5.0.2'
(/usr/local/texlive/2022/texmf-dist/tex/latex/l3packages/xparse/xparse.sty
Package: xparse 2022-01-12 L3 Experimental document command parser
))
(/usr/local/texlive/2022/texmf-dist/tex/latex/tcolorbox/tcblistingsutf8.code.te
x
Library (tcolorbox): 'tcblistingsutf8.code.tex' version '5.0.2'
(/usr/local/texlive/2022/texmf-dist/tex/latex/tcolorbox/tcblistings.code.tex
Library (tcolorbox): 'tcblistings.code.tex' version '5.0.2'
(/usr/local/texlive/2022/texmf-dist/tex/latex/listings/listings.sty
\lst@mode=\count356
\lst@gtempboxa=\box129
\lst@token=\toks46
\lst@length=\count357
\lst@currlwidth=\dimen330
\lst@column=\count358
\lst@pos=\count359
\lst@lostspace=\dimen331
\lst@width=\dimen332
\lst@newlines=\count360
\lst@lineno=\count361
\lst@maxwidth=\dimen333

(/usr/local/texlive/2022/texmf-dist/tex/latex/listings/lstmisc.sty
File: lstmisc.sty 2020/03/24 1.8d (Carsten Heinz)
\c@lstnumber=\count362
\lst@skipnumbers=\count363
\lst@framebox=\box130
)
(/usr/local/texlive/2022/texmf-dist/tex/latex/listings/listings.cfg
File: listings.cfg 2020/03/24 1.8d listings configuration
))
Package: listings 2020/03/24 1.8d (Carsten Heinz)

(/usr/local/texlive/2022/texmf-dist/tex/latex/tcolorbox/tcblistingscore.code.te
x
Library (tcolorbox): 'tcblistingscore.code.tex' version '5.0.2'
(/usr/local/texlive/2022/texmf-dist/tex/latex/tcolorbox/tcbprocessing.code.tex
Library (tcolorbox): 'tcbprocessing.code.tex' version '5.0.2'
)
\c@tcblisting=\count364
)) (/usr/local/texlive/2022/texmf-dist/tex/latex/listingsutf8/listingsutf8.sty
Package: listingsutf8 2019-12-10 v1.5 Allow UTF-8 in listings input (HO)
(/usr/local/texlive/2022/texmf-dist/tex/generic/stringenc/stringenc.sty
Package: stringenc 2019/11/29 v1.12 Convert strings between diff. encodings (HO
)
)))
(/usr/local/texlive/2022/texmf-dist/tex/latex/tcolorbox/tcbexternal.code.tex
Library (tcolorbox): 'tcbexternal.code.tex' version '5.0.2'
) (/usr/local/texlive/2022/texmf-dist/tex/latex/tcolorbox/tcbmagazine.code.tex
Library (tcolorbox): 'tcbmagazine.code.tex' version '5.0.2'
) (/usr/local/texlive/2022/texmf-dist/tex/latex/tcolorbox/tcbvignette.code.tex
Library (tcolorbox): 'tcbvignette.code.tex' version '5.0.2'

(/usr/local/texlive/2022/texmf-dist/tex/generic/pgf/frontendlayer/tikz/librarie
s/tikzlibraryfadings.code.tex
File: tikzlibraryfadings.code.tex 2021/05/15 v3.1.9a (3.1.9a)

(/usr/local/texlive/2022/texmf-dist/tex/generic/pgf/libraries/pgflibraryfadings
.code.tex
File: pgflibraryfadings.code.tex 2021/05/15 v3.1.9a (3.1.9a)
)))
(/usr/local/texlive/2022/texmf-dist/tex/latex/tcolorbox/tcbposter.code.tex
Library (tcolorbox): 'tcbposter.code.tex' version '5.0.2'
))
Package hyperref Info: Option `colorlinks' set `true' on input line 47.
 (/usr/local/texlive/2022/texmf-dist/tex/latex/amscls/amsthm.sty
Package: amsthm 2020/05/29 v2.20.6
\thm@style=\toks47
\thm@bodyfont=\toks48
\thm@headfont=\toks49
\thm@notefont=\toks50
\thm@headpunct=\toks51
\thm@preskip=\skip101
\thm@postskip=\skip102
\thm@headsep=\skip103
\dth@everypar=\toks52
)
\c@theorem=\count365


Package hyperref Warning: Token not allowed in a PDF string (Unicode):
(hyperref)                removing `\\' on input line 206.

(./rg_book_main.aux)
\openout1 = `rg_book_main.aux'.

LaTeX Font Info:    Checking defaults for OML/cmm/m/it on input line 214.
LaTeX Font Info:    ... okay on input line 214.
LaTeX Font Info:    Checking defaults for OMS/cmsy/m/n on input line 214.
LaTeX Font Info:    ... okay on input line 214.
LaTeX Font Info:    Checking defaults for OT1/cmr/m/n on input line 214.
LaTeX Font Info:    ... okay on input line 214.
LaTeX Font Info:    Checking defaults for T1/cmr/m/n on input line 214.
LaTeX Font Info:    ... okay on input line 214.
LaTeX Font Info:    Checking defaults for TS1/cmr/m/n on input line 214.
LaTeX Font Info:    ... okay on input line 214.
LaTeX Font Info:    Checking defaults for OMX/cmex/m/n on input line 214.
LaTeX Font Info:    ... okay on input line 214.
LaTeX Font Info:    Checking defaults for U/cmr/m/n on input line 214.
LaTeX Font Info:    ... okay on input line 214.
LaTeX Font Info:    Checking defaults for PD1/pdf/m/n on input line 214.
LaTeX Font Info:    ... okay on input line 214.
LaTeX Font Info:    Checking defaults for PU/pdf/m/n on input line 214.
LaTeX Font Info:    ... okay on input line 214.
Package hyperref Info: Link coloring ON on input line 214.

(/usr/local/texlive/2022/texmf-dist/tex/latex/hyperref/nameref.sty
Package: nameref 2021-04-02 v2.47 Cross-referencing by name of section

(/usr/local/texlive/2022/texmf-dist/tex/latex/refcount/refcount.sty
Package: refcount 2019/12/15 v3.6 Data extraction from label references (HO)
)
(/usr/local/texlive/2022/texmf-dist/tex/generic/gettitlestring/gettitlestring.s
ty
Package: gettitlestring 2019/12/15 v1.6 Cleanup title references (HO)
)
\c@section@level=\count366
)
LaTeX Info: Redefining \ref on input line 214.
LaTeX Info: Redefining \pageref on input line 214.
LaTeX Info: Redefining \nameref on input line 214.
 (./rg_book_main.out) (./rg_book_main.out)
\@outlinefile=\write5
\openout5 = `rg_book_main.out'.


*geometry* driver: auto-detecting
*geometry* detected driver: pdftex
*geometry* verbose mode - [ preamble ] result:
* driver: pdftex
* paper: letterpaper
* layout: <same size as paper>
* layoutoffset:(h,v)=(0.0pt,0.0pt)
* modes: twoside asymmetric 
* h-part:(L,W,R)=(72.26999pt, 312.0pt, 230.02501pt)
* v-part:(T,H,B)=(72.26999pt, 616.0pt, 106.7pt)
* \paperwidth=614.295pt
* \paperheight=794.96999pt
* \textwidth=312.0pt
* \textheight=616.0pt
* \oddsidemargin=0.0pt
* \evensidemargin=0.0pt
* \topmargin=-42.0pt
* \headheight=14.0pt
* \headsep=28.0pt
* \topskip=10.0pt
* \footskip=25.29494pt
* \marginparwidth=144.54pt
* \marginparsep=10.0pt
* \columnsep=10.0pt
* \skip\footins=9.0pt plus 4.0pt minus 2.0pt
* \hoffset=0.0pt
* \voffset=0.0pt
* \mag=1000
* \@twocolumnfalse
* \@twosidetrue
* \@mparswitchfalse
* \@reversemarginfalse
* (1in=72.27pt=25.4mm, 1cm=28.453pt)

\langwohyphens=\language87
(/usr/local/texlive/2022/texmf-dist/tex/context/base/mkii/supp-pdf.mkii
[Loading MPS to PDF converter (version 2006.09.02).]
\scratchcounter=\count367
\scratchdimen=\dimen334
\scratchbox=\box131
\nofMPsegments=\count368
\nofMParguments=\count369
\everyMPshowfont=\toks53
\MPscratchCnt=\count370
\MPscratchDim=\dimen335
\MPnumerator=\count371
\makeMPintoPDFobject=\count372
\everyMPtoPDFconversion=\toks54
) (/usr/local/texlive/2022/texmf-dist/tex/latex/epstopdf-pkg/epstopdf-base.sty
Package: epstopdf-base 2020-01-24 v2.11 Base part for package epstopdf
Package epstopdf-base Info: Redefining graphics rule for `.eps' on input line 4
85.

(/usr/local/texlive/2022/texmf-dist/tex/latex/latexconfig/epstopdf-sys.cfg
File: epstopdf-sys.cfg 2010/07/13 v1.3 Configuration of (r)epstopdf for TeX Liv
e
))
Package pgfplots notification 'compat/show suggested version=true': document ha
s been generated with the most recent feature set (\pgfplotsset{compat=1.18}).

\c@lstlisting=\count373
(/usr/local/texlive/2022/texmf-dist/tex/latex/base/inputenc.sty
Package: inputenc 2021/02/14 v1.3d Input encoding file
\inpenc@prehook=\toks55
\inpenc@posthook=\toks56
)
LaTeX Font Info:    Trying to load font information for T1+phv on input line 22
1.

(/usr/local/texlive/2022/texmf-dist/tex/latex/psnfss/t1phv.fd
File: t1phv.fd 2020/03/25 scalable font definitions for T1/phv.
)
LaTeX Font Info:    Font shape `T1/phv/m/n' will be
(Font)              scaled to size 8.99994pt on input line 221.
LaTeX Font Info:    Font shape `T1/phv/m/n' will be
(Font)              scaled to size 16.19989pt on input line 221.
LaTeX Font Info:    Font shape `T1/phv/m/n' will be
(Font)              scaled to size 32.39978pt on input line 221.

Overfull \hbox (31.05879pt too wide) in paragraph at lines 221--221
[]\T1/phv/m/n/36/200ls SCALE, SYM-ME-TRY, AND
 []


Overfull \hbox (90.94417pt too wide) in paragraph at lines 221--221
\T1/phv/m/n/36/200ls RENORMALIZATION GROUP[] 
 []

LaTeX Font Info:    Font shape `T1/phv/m/n' will be
(Font)              scaled to size 12.59991pt on input line 221.
[1



{/usr/local/texlive/2022/texmf-var/fonts/map/pdftex/updmap/pdftex.map}]
LaTeX Font Info:    Trying to load font information for TS1+pplj on input line 
232.

(/usr/local/texlive/2022/texmf-dist/tex/latex/psnfss/ts1pplj.fd
File: ts1pplj.fd 2004/09/06 font definitions for TS1/pplj.
) [2

]
(./rg_book_main.toc)
\tf@toc=\write6
\openout6 = `rg_book_main.toc'.

 [3

] [4

] (./rg_book_main.lof)
\tf@lof=\write7
\openout7 = `rg_book_main.lof'.

 [5] [6

] (./rg_book_main.lot
LaTeX Font Info:    Trying to load font information for OT1+pplx on input line 
7.

(/usr/local/texlive/2022/texmf-dist/tex/latex/psnfss/ot1pplx.fd
File: ot1pplx.fd 2004/09/06 font definitions for OT1/pplx.
)
LaTeX Font Info:    Trying to load font information for OML+zplm on input line 
7.

(/usr/local/texlive/2022/texmf-dist/tex/latex/psnfss/omlzplm.fd
File: omlzplm.fd 2002/09/08 Fontinst v1.914 font definitions for OML/zplm.
)
LaTeX Font Info:    Trying to load font information for OMS+zplm on input line 
7.

(/usr/local/texlive/2022/texmf-dist/tex/latex/psnfss/omszplm.fd
File: omszplm.fd 2002/09/08 Fontinst v1.914 font definitions for OMS/zplm.
)
LaTeX Font Info:    Trying to load font information for OMX+zplm on input line 
7.

(/usr/local/texlive/2022/texmf-dist/tex/latex/psnfss/omxzplm.fd
File: omxzplm.fd 2002/09/08 Fontinst v1.914 font definitions for OMX/zplm.
)
LaTeX Font Info:    Trying to load font information for OT1+zplm on input line 
7.

(/usr/local/texlive/2022/texmf-dist/tex/latex/psnfss/ot1zplm.fd
File: ot1zplm.fd 2002/09/08 Fontinst v1.914 font definitions for OT1/zplm.
)
LaTeX Font Info:    Font shape `U/msa/m/n' will be
(Font)              scaled to size 10.42007pt on input line 7.
LaTeX Font Info:    Font shape `U/msa/m/n' will be
(Font)              scaled to size 7.91925pt on input line 7.
LaTeX Font Info:    Font shape `U/msa/m/n' will be
(Font)              scaled to size 6.25204pt on input line 7.
LaTeX Font Info:    Font shape `U/msb/m/n' will be
(Font)              scaled to size 10.42007pt on input line 7.
LaTeX Font Info:    Font shape `U/msb/m/n' will be
(Font)              scaled to size 7.91925pt on input line 7.
LaTeX Font Info:    Font shape `U/msb/m/n' will be
(Font)              scaled to size 6.25204pt on input line 7.
LaTeX Font Info:    Trying to load font information for U+rsfs on input line 7.


(/usr/local/texlive/2022/texmf-dist/tex/latex/jknapltx/ursfs.fd
File: ursfs.fd 1998/03/24 rsfs font definition file (jk)
))
\tf@lot=\write8
\openout8 = `rg_book_main.lot'.

 [7] [8

]

LaTeX Warning: Marginpar on page 9 moved.


Overfull \hbox (3.42978pt too wide) in paragraph at lines 256--257
\T1/pplj/m/n/10 same es-sen-tial struc-ture: a flow on a space of the-o-ries dr
iven by changes
 []


Overfull \hbox (22.51982pt too wide) in paragraph at lines 256--257
\T1/pplj/m/n/10 ci-a-tion for the group-theoretic and ge-o-met-ric char-ac-ter 
of renormalization---
 []

[9]

LaTeX Warning: Marginpar on page 10 moved.


LaTeX Warning: Marginpar on page 10 moved.


Overfull \hbox (12.16643pt too wide) in paragraph at lines 274--275
\T1/pplj/m/n/10 tools for ex-tract-ing phys-i-cal pre-dic-tions from di-ver-gen
t se-ries. Transseries
 []


Overfull \hbox (7.80927pt too wide) in paragraph at lines 276--277
[]\T1/pplj/b/n/10 Part III (Ap-pli-ca-tions) \T1/pplj/m/n/10 ap-plies the uni-f
ied geometric-analytical frame-
 []


Underfull \vbox (badness 10000) has occurred while \output is active []

 [10]
Underfull \vbox (badness 3019) has occurred while \output is active []

 [11]
LaTeX Font Info:    Trying to load font information for U+fplmbb on input line 
333.

(/usr/local/texlive/2022/texmf-dist/tex/latex/psnfss/ufplmbb.fd
File: ufplmbb.fd 2003/10/30 Fontinst v1.914 font definitions for U/fplmbb.
) [12]
(./chapters/prologue.tex

LaTeX Warning: Marginpar on page 13 moved.


LaTeX Warning: Marginpar on page 13 moved.

[13


]

LaTeX Warning: Marginpar on page 14 moved.


Underfull \vbox (badness 10000) has occurred while \output is active []

 [14]
LaTeX Font Info:    Font shape `U/msa/m/n' will be
(Font)              scaled to size 8.33606pt on input line 46.
LaTeX Font Info:    Font shape `U/msa/m/n' will be
(Font)              scaled to size 5.21004pt on input line 46.
LaTeX Font Info:    Font shape `U/msb/m/n' will be
(Font)              scaled to size 8.33606pt on input line 46.
LaTeX Font Info:    Font shape `U/msb/m/n' will be
(Font)              scaled to size 5.21004pt on input line 46.


LaTeX Warning: Marginpar on page 15 moved.


LaTeX Warning: Marginpar on page 15 moved.


Overfull \hbox (1.3366pt too wide) in paragraph at lines 70--71
\T1/pplj/m/n/10 ex-ploit-ing scale sym-me-try, namely \T1/pplj/b/n/10 di-men-si
onal anal-y-sis\T1/pplj/m/n/10 . Un-der-stand-
 []

[15]
Underfull \hbox (badness 1270) in paragraph at lines 72--72
\T1/pplj/m/n/8 It iden-ti-fies quan-ti-ties that trans-form
 []


LaTeX Warning: Marginpar on page 16 moved.


LaTeX Warning: Marginpar on page 16 moved.

LaTeX Font Info:    Font shape `T1/phv/b/n' will be
(Font)              scaled to size 8.99994pt on input line 98.

Underfull \vbox (badness 1466) has occurred while \output is active []

 [16]
Underfull \hbox (badness 1112) in paragraph at lines 138--138
\T1/pplj/m/n/8 we must ac-tu-ally solve the prob-lem.
 []


LaTeX Warning: Marginpar on page 17 moved.

[17]
Underfull \hbox (badness 3977) in paragraph at lines 159--159
\T1/pplj/m/n/8 di-men-sional anal-y-sis de-ter-mines the
 []


LaTeX Warning: Marginpar on page 18 moved.

[18]

LaTeX Warning: Marginpar on page 19 moved.

[19]

LaTeX Warning: Marginpar on page 20 moved.


LaTeX Warning: Marginpar on page 20 moved.

[20]

LaTeX Warning: Marginpar on page 21 moved.

[21]

LaTeX Warning: Marginpar on page 22 moved.


Underfull \vbox (badness 2334) has occurred while \output is active []

 [22]
Underfull \hbox (badness 1472) in paragraph at lines 309--309
\T1/pplj/m/n/8 Physical in-tu-ition sug-gests am-pli-tude
 []


LaTeX Warning: Marginpar on page 23 moved.


LaTeX Warning: Marginpar on page 23 moved.

[23]

LaTeX Warning: Marginpar on page 24 moved.


LaTeX Warning: Marginpar on page 24 moved.


Underfull \vbox (badness 10000) has occurred while \output is active []

 [24]
Underfull \hbox (badness 2556) in paragraph at lines 399--399
\T1/pplj/m/n/8 The method of mul-ti-ple scales was
 []


LaTeX Warning: Marginpar on page 25 moved.


Overfull \hbox (4.78651pt too wide) in paragraph at lines 401--402
\T1/pplj/m/n/10 later. The solv-abil-ity con-di-tions that elim-i-nate sec-u-la
r terms in multiple-
 []

[25] [26]

LaTeX Warning: Marginpar on page 27 moved.


Overfull \hbox (2.53648pt too wide) in paragraph at lines 482--483
\T1/pplj/m/n/10 pen-dence. This is the mod-ern un-der-stand-ing of renor-mal-iz
a-tion, which
 []


LaTeX Warning: Marginpar on page 27 moved.

[27]
Underfull \hbox (badness 2608) in paragraph at lines 525--525
\T1/pplj/m/n/8 This sec-tion pre-views the ge-o-met-ric
 []


Underfull \hbox (badness 1571) in paragraph at lines 525--525
\T1/pplj/m/n/8 frame-work de-vel-oped fully in Chap-
 []


LaTeX Warning: Marginpar on page 28 moved.


LaTeX Warning: `!h' float specifier changed to `!ht'.


Overfull \hbox (4.79979pt too wide) in paragraph at lines 556--557
[]\T1/pplj/m/n/10 This ge-o-met-ric structure---scale trans-for-ma-tions form-i
ng a Lie group,
 []

[28]
LaTeX Font Info:    Font shape `T1/phv/b/n' will be
(Font)              scaled to size 9.85492pt on input line 565.
 [29]) [30] [31

] [32] (./chapters/ch02_rg_geometry.tex

LaTeX Warning: Marginpar on page 33 moved.

[33

]
Overfull \hbox (53.5599pt too wide) in paragraph at lines 54--69
 [][] 
 []


Underfull \hbox (badness 2293) in paragraph at lines 76--76
\T1/pplj/m/n/8 dic-tions can-not de-pend on ar-bi-trary
 []


LaTeX Warning: Marginpar on page 34 moved.

[34]

LaTeX Warning: Marginpar on page 35 moved.


Underfull \hbox (badness 1048) in paragraph at lines 156--157
[]\T1/pplj/b/n/10 The punch-line: \T1/pplj/m/n/10 Scale in-de-pen-dence doesn't
 mean ``noth-ing
 []

[35]
Underfull \hbox (badness 1360) in paragraph at lines 183--183
\T1/pplj/m/n/8 of the gen-eral scale-covariance struc-
 []


LaTeX Warning: Marginpar on page 36 moved.


Overfull \hbox (7.36331pt too wide) in paragraph at lines 189--190
[]\T1/pplj/b/n/10 Similarity so-lu-tions of PDEs\T1/pplj/m/n/10 : ``Scale'' is 
time or length; self-similarity
 []

[36]

LaTeX Warning: Marginpar on page 37 moved.


Overfull \hbox (22.53978pt too wide) in paragraph at lines 204--205
\T1/pplj/m/n/10 dimensional case cap-tures the es-sen-tial ge-om-e-try while av
oid-ing functional-
 []


LaTeX Warning: Marginpar on page 37 moved.


Underfull \hbox (badness 3977) in paragraph at lines 233--233
\T1/pplj/m/n/8 The di-la-tion group is the sim-plest
 []

[37]

LaTeX Warning: Marginpar on page 38 moved.


LaTeX Warning: Marginpar on page 38 moved.

[38
pdfTeX warning (ext4): destination with the same identifier (name{equation.0.0.
51}) has been already used, duplicate ignored
<argument> ...shipout:D \box_use:N \l_shipout_box 
                                                  \__shipout_drop_firstpage_...
l.277 \end{equation}
                    ]

LaTeX Warning: Marginpar on page 39 moved.

[39]

LaTeX Warning: Marginpar on page 40 moved.


Overfull \hbox (6.10991pt too wide) in paragraph at lines 359--360
[]\T1/pplj/m/n/10 This is the \T1/pplj/b/n/10 vec-tor field trans-for-ma-tion l
aw\T1/pplj/m/n/10 : un-der co-or-di-nate changes
 []

[40] [41]

LaTeX Warning: Marginpar on page 42 moved.

[42]

LaTeX Warning: Marginpar on page 43 moved.


LaTeX Warning: Marginpar on page 43 moved.


LaTeX Warning: Marginpar on page 43 moved.


Overfull \hbox (4.5598pt too wide) in paragraph at lines 476--478
[]\T1/pplj/m/n/10 In Part II, we found two co-vari-ance struc-tures of the Call
an-Symanzik
 []


LaTeX Warning: Marginpar on page 43 moved.

[43]
Overfull \hbox (23.80978pt too wide) in paragraph at lines 552--553
[]\T1/pplj/m/n/10 At a fixed point, the sys-tem doesn't change un-der scale tra
nsformations---
 []


LaTeX Warning: Marginpar on page 44 moved.


Underfull \hbox (badness 3118) in paragraph at lines 568--568
\T1/pplj/m/n/8 that ob-serv-ables have van-ish-ing Lie
 []

[44
pdfTeX warning (ext4): destination with the same identifier (name{equation.0.0.
73}) has been already used, duplicate ignored
<argument> ...shipout:D \box_use:N \l_shipout_box 
                                                  \__shipout_drop_firstpage_...
l.568 ...ishing Lie derivative along the RG flow.}
                                                  ]

LaTeX Warning: Marginpar on page 45 moved.


LaTeX Warning: Marginpar on page 45 moved.


Underfull \hbox (badness 3668) in paragraph at lines 618--618
\T1/pplj/m/n/8 The full CS equa-tion [] in-cludes
 []


Underfull \hbox (badness 3792) in paragraph at lines 618--618
\T1/pplj/m/n/8 anoma-lous di-men-sions. These are
 []


LaTeX Warning: Marginpar on page 45 moved.

[45
pdfTeX warning (ext4): destination with the same identifier (name{equation.0.0.
77}) has been already used, duplicate ignored
<argument> ...shipout:D \box_use:N \l_shipout_box 
                                                  \__shipout_drop_firstpage_...
l.627 
      ]
pdfTeX warning (ext4): destination with the same identifier (name{equation.0.0.
82}) has been already used, duplicate ignored
<to be read again> 
                   \relax 
l.648 \begin{equation}
                      
pdfTeX warning (ext4): destination with the same identifier (name{equation.0.0.
82}) has been already used, duplicate ignored
<to be read again> 
                   \relax 
l.648 \begin{equation}
                      
pdfTeX warning (ext4): destination with the same identifier (name{equation.0.0.
82}) has been already used, duplicate ignored
<to be read again> 
                   \relax 
l.648 \begin{equation}
                      
pdfTeX warning (ext4): destination with the same identifier (name{equation.0.0.
82}) has been already used, duplicate ignored
<to be read again> 
                   \relax 
l.648 \begin{equation}
                       [46]
Overfull \hbox (12.74525pt too wide) in paragraph at lines 690--691
\T1/pplj/m/n/10 mo-ge-neously un-der scheme changes. Cur-va-ture in-vari-ants (
like $\OML/zplm/m/it/10 R[][][]R[][][]$\T1/pplj/m/n/10 )
 []


LaTeX Warning: Marginpar on page 47 moved.


Overfull \hbox (9.81683pt too wide) in paragraph at lines 703--704
[]\T1/pplj/m/n/10 The anoma-lous di-men-sion $\OML/zplm/m/it/10 ^^M[][][]$ \T1/
pplj/m/n/10 is a con-nec-tion for parallel-transporting
 []


Underfull \hbox (badness 2932) in paragraph at lines 720--720
\T1/pplj/m/n/8 ory) and the Zamolod-chikov met-ric
 []


LaTeX Warning: Marginpar on page 47 moved.


Overfull \hbox (4.17981pt too wide) in paragraph at lines 722--723
\T1/pplj/m/n/10 cep-tu-ally dis-tinct con-struc-tions that co-in-cide un-der ce
r-tain conditions---
 []


Underfull \hbox (badness 2229) in paragraph at lines 740--741
[]\T1/pplj/b/n/10 One-loop cal-cu-la-tion (1D): \T1/pplj/m/n/10 Us-ing the prop
-a-ga-tor $\OML/zplm/m/it/10 G\OT1/zplm/m/n/10 (\OML/zplm/m/it/10 x\OT1/zplm/m/
n/10 ) =
 []

[47]

LaTeX Warning: Marginpar on page 48 moved.


LaTeX Warning: Marginpar on page 48 moved.

[48]
Overfull \hbox (72.9937pt too wide) in paragraph at lines 805--814
 [] 
 []


Underfull \hbox (badness 3590) in paragraph at lines 823--823
\T1/pplj/m/n/8 The met-ric [] de-fines geodesics---
 []


LaTeX Warning: Marginpar on page 49 moved.

[49]
Overfull \hbox (22.5899pt too wide) in paragraph at lines 843--844
[]\T1/pplj/m/n/10 This is the \T1/pplj/b/n/10 au-topar-al-lel con-di-tion\T1/pp
lj/m/n/10 : the ``ve-loc-ity'' $\OML/zplm/m/it/10 ^^L$ \T1/pplj/m/n/10 is paral
lel-transported
 []


LaTeX Warning: Marginpar on page 50 moved.

[50]

LaTeX Warning: Marginpar on page 51 moved.


Overfull \hbox (5.51312pt too wide) in paragraph at lines 928--929
\T1/pplj/m/n/10 first term is the ad-joint ac-tion; the sec-ond is the in-ho-mo
-ge-neous ``deriva-
 []

[51] [52]

LaTeX Warning: Marginpar on page 53 moved.

[53]
Underfull \hbox (badness 1178) in paragraph at lines 1048--1048
\T1/pplj/m/n/8 The bun-dle struc-ture of Sec-tion [][]I[][] is
 []


LaTeX Warning: Marginpar on page 54 moved.

[54]

LaTeX Warning: Marginpar on page 55 moved.

[55]
Underfull \hbox (badness 1436) in paragraph at lines 1143--1143
[]\T1/pplj/m/n/10 Scheme in-de-pen-dence of crit-i-cal
 []


Underfull \hbox (badness 2608) in paragraph at lines 1146--1146
[]\T1/pplj/m/n/10 Curvature in-vari-ants as ob-serv-
 []


Underfull \hbox (badness 10000) in paragraph at lines 1147--1147
[]\T1/pplj/m/n/10 Monodromy rep-re-sen-ta-tion of
 []


Overfull \hbox (24.98029pt too wide) in paragraph at lines 1139--1150
 [] 
 []


LaTeX Warning: Marginpar on page 56 moved.

[56]

LaTeX Warning: Marginpar on page 57 moved.

[57]

LaTeX Warning: Marginpar on page 58 moved.


LaTeX Warning: Marginpar on page 58 moved.


Underfull \hbox (badness 1024) in paragraph at lines 1276--1277
[]\T1/pplj/m/n/10 The ob-serv-able $\OML/zplm/m/it/10 x\OT1/zplm/m/n/10 (\OML/z
plm/m/it/10 t\OT1/zplm/m/n/10 )$ \T1/pplj/m/n/10 de-pends ex-plic-itly on $\OML
/zplm/m/it/10 t[]$ \T1/pplj/m/n/10 and im-plic-itly
 []

[58] [59]

LaTeX Warning: Marginpar on page 60 moved.

[60]
Overfull \hbox (50.86443pt too wide) in paragraph at lines 1374--1384
 [] 
 []

[61]

LaTeX Warning: Marginpar on page 62 moved.

[62]
LaTeX Font Info:    Font shape `U/msa/m/n' will be
(Font)              scaled to size 12.50409pt on input line 1498.
LaTeX Font Info:    Font shape `U/msa/m/n' will be
(Font)              scaled to size 9.37807pt on input line 1498.
LaTeX Font Info:    Font shape `U/msa/m/n' will be
(Font)              scaled to size 7.29405pt on input line 1498.
LaTeX Font Info:    Font shape `U/msb/m/n' will be
(Font)              scaled to size 12.50409pt on input line 1498.
LaTeX Font Info:    Font shape `U/msb/m/n' will be
(Font)              scaled to size 9.37807pt on input line 1498.
LaTeX Font Info:    Font shape `U/msb/m/n' will be
(Font)              scaled to size 7.29405pt on input line 1498.


Package hyperref Warning: Token not allowed in a PDF string (Unicode):
(hyperref)                removing `math shift' on input line 1498.


Package hyperref Warning: Token not allowed in a PDF string (Unicode):
(hyperref)                removing `\phi' on input line 1498.


Package hyperref Warning: Token not allowed in a PDF string (Unicode):
(hyperref)                removing `superscript' on input line 1498.


Package hyperref Warning: Token not allowed in a PDF string (Unicode):
(hyperref)                removing `math shift' on input line 1498.


LaTeX Warning: Marginpar on page 63 moved.

[63]
Underfull \vbox (badness 1502) has occurred while \output is active []

 [64]
LaTeX Font Info:    Font shape `T1/phv/b/n' will be
(Font)              scaled to size 6.83995pt on input line 1580.
LaTeX Font Info:    Font shape `T1/phv/b/n' will be
(Font)              scaled to size 5.39996pt on input line 1580.

Overfull \hbox (53.44997pt too wide) in paragraph at lines 1611--1623
 [] 
 []

[65]

LaTeX Warning: Marginpar on page 66 moved.


Underfull \hbox (badness 4132) in paragraph at lines 1638--1638
\T1/pplj/m/n/8 The cur-va-ture of the-ory space en-
 []


LaTeX Warning: Marginpar on page 66 moved.

[66]
Overfull \hbox (19.83978pt too wide) in paragraph at lines 1673--1674
[]\T1/pplj/m/n/10 Systems in the same uni-ver-sal-ity class share these ge-o-me
t-ric invariants---
 []


Underfull \hbox (badness 3635) in paragraph at lines 1680--1680
\T1/pplj/m/n/8 Scheme in-de-pen-dence is math-e-mat-i-
 []


LaTeX Warning: Marginpar on page 67 moved.

[67]
Underfull \vbox (badness 3375) has occurred while \output is active []

 [68]
[69]
Underfull \vbox (badness 10000) has occurred while \output is active []

 [70]

LaTeX Warning: Marginpar on page 71 moved.

[71]
Overfull \hbox (1.82982pt too wide) in paragraph at lines 1948--1949
\T1/pplj/m/n/10 With run-ning cou-plings, phys-i-cal pre-dic-tions are in-de-pe
n-dent of which
 []


Underfull \hbox (badness 1014) in paragraph at lines 1958--1958
\T1/pplj/m/n/8 be-hav-ior: asymp-totic free-dom vs in-
 []


LaTeX Warning: Marginpar on page 72 moved.


Underfull \vbox (badness 5592) has occurred while \output is active []

 [72]

LaTeX Warning: Marginpar on page 73 moved.


Underfull \hbox (badness 1515) in paragraph at lines 1990--1990
\T1/pplj/m/n/8 fer-en-tial equa-tion whose per-tur-ba-tive
 []


LaTeX Warning: Marginpar on page 73 moved.

[73]

LaTeX Warning: Marginpar on page 74 moved.


Overfull \hbox (15.71977pt too wide) in paragraph at lines 2041--2042
\T1/pplj/m/n/10 its asymp-totic se-ries) and transseries (cap-tur-ing non-pertu
rbative physics). 
 []

[74] [75] [76]
pdfTeX warning (ext4): destination with the same identifier (name{equation.0.0.
191}) has been already used, duplicate ignored
<to be read again> 
                   \relax 
l.2224 \begin{equation}
                       
pdfTeX warning (ext4): destination with the same identifier (name{equation.0.0.
191}) has been already used, duplicate ignored
<to be read again> 
                   \relax 
l.2224 \begin{equation}
                       
pdfTeX warning (ext4): destination with the same identifier (name{equation.0.0.
191}) has been already used, duplicate ignored
<to be read again> 
                   \relax 
l.2224 \begin{equation}
                       
pdfTeX warning (ext4): destination with the same identifier (name{equation.0.0.
191}) has been already used, duplicate ignored
<to be read again> 
                   \relax 
l.2224 \begin{equation}
                        [77]
LaTeX Font Info:    Font shape `T1/phv/b/n' will be
(Font)              scaled to size 8.09995pt on input line 2270.

pdfTeX warning (ext4): destination with the same identifier (name{equation.0.0.
191}) has been already used, duplicate ignored
<to be read again> 
                   \relax 
l.2277 \end{align}
                  
Underfull \vbox (badness 10000) has occurred while \output is active []

 [78]
[79]
Underfull \hbox (badness 10000) in paragraph at lines 2332--2333
[]\T1/pplj/b/n/10 (b) \T1/pplj/m/n/10 Di-verges when de-nom-i-na-tor van-ishes:

 []

[80]) (./chapters/ch03_fixed_points.tex [81] [82

]

LaTeX Warning: Marginpar on page 83 moved.


LaTeX Warning: Marginpar on page 83 moved.

[83]

LaTeX Warning: Marginpar on page 84 moved.

[84]

LaTeX Warning: Marginpar on page 85 moved.


Overfull \hbox (17.93358pt too wide) in paragraph at lines 130--131
\T1/pplj/b/n/10 The damped an-har-monic os-cil-la-tor \T1/pplj/m/n/10 has $\OML
/zplm/m/it/10 ^^L[] \OT1/zplm/m/n/10 = \OMS/zplm/m/n/10 ^^@\OML/zplm/m/it/10 ^^
MA$ \T1/pplj/m/n/10 and $\OML/zplm/m/it/10 ^^L[] \OT1/zplm/m/n/10 = \OT1/pplx/m
/n/10 3\OML/zplm/m/it/10 ^^OA[]\OT1/zplm/m/n/10 /(\OT1/pplx/m/n/10 8\OML/zplm/m
/it/10 ![]\OT1/zplm/m/n/10 )$\T1/pplj/m/n/10 .
 []

[85]

LaTeX Warning: Marginpar on page 86 moved.

[86]

LaTeX Warning: Marginpar on page 87 moved.


Overfull \hbox (28.18642pt too wide) in paragraph at lines 192--193
\T1/pplj/m/n/10 for-ma-tion be-yond per-tur-ba-tion the-ory. The tools to ex-tr
act this information---
 []


LaTeX Warning: Marginpar on page 87 moved.

[87] [88]
Underfull \hbox (badness 10000) in paragraph at lines 289--289
[]\T1/pplj/b/n/10 Eigenvalue Con-di-
 []


Overfull \hbox (105.8858pt too wide) in paragraph at lines 287--297
 [] 
 []


Underfull \hbox (badness 1655) in paragraph at lines 299--299
\T1/pplj/m/n/8 property---it de-pends only on eigen-
 []


LaTeX Warning: Marginpar on page 89 moved.


Overfull \hbox (2.27504pt too wide) in paragraph at lines 307--308
[]\T1/pplj/m/n/10 At a marginal op-er-a-tor, $\OT1/zplm/m/n/10 ^^A = \OT1/pplx/
m/n/10 0$\T1/pplj/m/n/10 , so the beta func-tion starts at quadratic
 []

[89] [90]
Underfull \hbox (badness 10000) in paragraph at lines 424--424
[]\T1/pplj/m/n/10 Second-kind (in-com-
 []


Overfull \hbox (65.43306pt too wide) in paragraph at lines 419--428
 [] 
 []

[91]
Underfull \hbox (badness 1189) in paragraph at lines 430--430
\T1/pplj/m/n/8 Barenblatt's ``first-kind'' and ``second-
 []


LaTeX Warning: Marginpar on page 92 moved.


LaTeX Warning: Marginpar on page 92 moved.

[92]

LaTeX Warning: Marginpar on page 93 moved.


Underfull \hbox (badness 1762) in paragraph at lines 507--507
\T1/pplj/m/n/8 The sta-bil-ity ma-trix is the co-vari-ant
 []


LaTeX Warning: Marginpar on page 93 moved.

[93] [94]

LaTeX Warning: Marginpar on page 95 moved.


LaTeX Warning: Marginpar on page 95 moved.


Underfull \hbox (badness 2310) in paragraph at lines 601--601
\T1/pplj/m/n/8 Universality is an ex-per-i-men-tal fact:
 []

[95]

LaTeX Warning: Marginpar on page 96 moved.

[96]

LaTeX Warning: Marginpar on page 97 moved.

[97]

LaTeX Warning: Marginpar on page 98 moved.

[98]

LaTeX Warning: Marginpar on page 99 moved.


Overfull \hbox (10.2899pt too wide) in paragraph at lines 768--769
\T1/pplj/m/n/10 chikov met-ric, crit-i-cal slow-ing down cor-re-sponds to a \T1
/pplj/b/n/10 di-verg-ing geodesic
 []


Overfull \hbox (3.25983pt too wide) in paragraph at lines 774--775
[]\T1/pplj/m/n/10 This pro-vides a ge-o-met-ric ex-pla-na-tion: ap-proach-ing t
he crit-i-cal point
 []

[99]

LaTeX Warning: Marginpar on page 100 moved.

[100]

LaTeX Warning: Marginpar on page 101 moved.


LaTeX Warning: Marginpar on page 101 moved.

[101]

LaTeX Warning: Marginpar on page 102 moved.

[102]
Overfull \hbox (48.81978pt too wide) in paragraph at lines 937--947
 [] 
 []


Overfull \hbox (3.23975pt too wide) in paragraph at lines 949--950
[]\T1/pplj/m/n/10 The ``anoma-lous di-men-sions'' that ap-pear through-out phys
ics---from
 []

[103]

LaTeX Warning: Marginpar on page 104 moved.


Overfull \hbox (28.80907pt too wide) in paragraph at lines 963--964
[]\T1/pplj/m/n/10 This scal-ing sym-me-try sug-gests self-similar so-lu-tions $
\OML/zplm/m/it/10 ^^Z\OT1/zplm/m/n/10 (\OML/zplm/m/it/10 x\OT1/pplx/m/n/10 , \O
ML/zplm/m/it/10 t\OT1/zplm/m/n/10 ) = \OML/zplm/m/it/10 t[]f\OT1/zplm/m/n/10 (\
OML/zplm/m/it/10 x\OT1/zplm/m/n/10 /\OML/zplm/m/it/10 t[]\OT1/zplm/m/n/10 )$\T1
/pplj/m/n/10 .
 []


LaTeX Warning: Marginpar on page 104 moved.

[104]

LaTeX Warning: Marginpar on page 105 moved.


Underfull \hbox (badness 3118) in paragraph at lines 1021--1021
\T1/pplj/m/n/8 flows be-tween them de-ter-mines the
 []


LaTeX Warning: Marginpar on page 105 moved.


Overfull \hbox (4.23979pt too wide) in paragraph at lines 1033--1034
\T1/pplj/m/n/10 Fixed points of-ten have en-hanced sym-me-try com-pared to gene
ric points
 []

[105]
Underfull \hbox (badness 1635) in paragraph at lines 1044--1044
\T1/pplj/m/n/8 Conformal sym-me-try at fixed points
 []


LaTeX Warning: Marginpar on page 106 moved.


LaTeX Warning: Marginpar on page 106 moved.

[106] [107]
Underfull \hbox (badness 1337) in paragraph at lines 1137--1137
\T1/pplj/m/n/8 This dic-tio-nary sum-ma-rizes the dual
 []


Underfull \hbox (badness 10000) in paragraph at lines 1137--1137
\T1/pplj/m/n/8 per-spec-tives de-vel-oped through-out
 []


Underfull \hbox (badness 2582) in paragraph at lines 1137--1137
\T1/pplj/m/n/8 this chap-ter. Nei-ther view-point is
 []


Underfull \hbox (badness 10000) in paragraph at lines 1137--1137
\T1/pplj/m/n/8 ``correct''---they are com-ple-men-tary,
 []


LaTeX Warning: Marginpar on page 108 moved.


Overfull \hbox (12.98029pt too wide) in paragraph at lines 1146--1165
 [][] 
 []


Underfull \hbox (badness 1147) in paragraph at lines 1165--1165
\T1/pplj/m/n/8 for the Renor-mal-iza-tion Group (af-ter
 []


Underfull \hbox (badness 10000) in paragraph at lines 1196--1197
[]\T1/pplj/m/n/10 Scale-free in-ter-me-di-ate asymp-
 []


Overfull \hbox (12.98029pt too wide) in paragraph at lines 1180--1199
 [][] 
 []

[108] [109]

LaTeX Warning: Marginpar on page 110 moved.


Underfull \hbox (badness 10000) in paragraph at lines 1243--1243
[]$[] \OT1/zplm/m/n/10 = \OML/zplm/m/it/10 ^^VA \OMS/zplm/m/n/10 ^^@
 []


Underfull \hbox (badness 4995) in paragraph at lines 1246--1247
[]$\OML/zplm/m/it/10 ^^L[] \OT1/zplm/m/n/10 = \OMS/zplm/m/n/10 ^^@\OML/zplm/m/i
t/10 ^^Ou \OT1/zplm/m/n/10 +
 []


Underfull \hbox (badness 10000) in paragraph at lines 1249--1249
[]\T1/pplj/b/n/10 Anomalous
 []


Underfull \hbox (badness 10000) in paragraph at lines 1250--1250
[]\T1/pplj/m/n/10 Lindstedt-
 []


Underfull \hbox (badness 4556) in paragraph at lines 1251--1251
[]\T1/pplj/m/n/10 Exact non-triv-ial
 []


Overfull \hbox (105.88533pt too wide) in paragraph at lines 1239--1254
 [][] 
 []

[110]
Overfull \hbox (10.61913pt too wide) in paragraph at lines 1260--1261
[]\T1/pplj/b/n/10 The PME \T1/pplj/m/n/10 ex-hibits anoma-lous di-men-sions at 
lead-ing order---exponents
 []


Underfull \hbox (badness 1163) in paragraph at lines 1266--1266
\T1/pplj/m/n/8 Part I de-vel-oped the \T1/pplj/m/it/8 ex-act \T1/pplj/m/n/8 ge-
o-met-ric
 []


LaTeX Warning: Marginpar on page 111 moved.

[111] [112]
Overfull \hbox (2.49187pt too wide) in paragraph at lines 1329--1331
[]\T1/pplj/b/n/10 (Challenge) Marginally rel-e-vant op-er-a-tors. \T1/pplj/m/n/
10 When $\OT1/zplm/m/n/10 ^^A = \OT1/pplx/m/n/10 0$ \T1/pplj/m/n/10 (marginal),

 []

[113]
Overfull \hbox (6.7403pt too wide) in paragraph at lines 1378--1386
 [] 
 []

[114]
Overfull \hbox (1.12729pt too wide) in paragraph at lines 1396--1397
[]\T1/pplj/m/n/10 Show that af-ter $\OML/zplm/m/it/10 N$ \T1/pplj/m/n/10 steps,
 the mean-squared dis-place-ment is $\OMS/zplm/m/n/10 h\OML/zplm/m/it/10 x[]\OM
S/zplm/m/n/10 i \OT1/zplm/m/n/10 =
 []


Underfull \vbox (badness 10000) has occurred while \output is active []

 [115]
Underfull \vbox (badness 10000) has occurred while \output is active []

 [116]
Underfull \hbox (badness 1147) in paragraph at lines 1494--1495
[]\T1/pplj/m/n/10 The same cor-re-la-tion func-tion ex-po-nents: $\OMS/zplm/m/n
/10 h\OML/zplm/m/it/10 ^^^\OT1/zplm/m/n/10 (\OML/zplm/m/it/10 x\OT1/zplm/m/n/10
 )\OML/zplm/m/it/10 ^^^\OT1/zplm/m/n/10 (\OT1/pplx/m/n/10 0\OT1/zplm/m/n/10 )\O
MS/zplm/m/n/10 i ^^X
 []


Underfull \vbox (badness 7151) has occurred while \output is active []

 [117]
[118]
Underfull \hbox (badness 2359) in paragraph at lines 1639--1640
[]\T1/pplj/m/n/10 The de-nom-i-na-tor: $\OT1/pplx/m/n/10 1 \OT1/zplm/m/n/10 + \
OML/zplm/m/it/10 g[] []\OT1/zplm/m/n/10 (\OML/zplm/m/it/10 ^^V\OT1/zplm/m/n/10 
/\OML/zplm/m/it/10 ^^V[]\OT1/zplm/m/n/10 )/(\OT1/pplx/m/n/10 16\OML/zplm/m/it/1
0 ^^Y[]\OT1/zplm/m/n/10 ) \OMS/zplm/m/n/10 ! \OT1/zplm/m/n/10 +\OMS/zplm/m/n/10
 1$ \T1/pplj/m/n/10 (since
 []

[119]
Underfull \vbox (badness 10000) has occurred while \output is active []

 [120]
Underfull \vbox (badness 10000) has occurred while \output is active []

 [121]
[122]
Underfull \vbox (badness 10000) has occurred while \output is active []

 [123]
[124] [125] [126]
Underfull \vbox (badness 3375) has occurred while \output is active []

 [127])
[128] [129

] [130] (./chapters/ch04_perturbation.tex
Underfull \hbox (badness 1466) in paragraph at lines 6--6
\T1/pplj/m/n/8 work. This chap-ter in-tro-duces per-
 []


LaTeX Warning: Marginpar on page 131 moved.


Overfull \hbox (2.14914pt too wide) in paragraph at lines 14--15
[]\T1/pplj/b/n/10 Section [][]II[][]\T1/pplj/m/n/10 : When RG meth-ods are need
ed ver-sus sim-pler ap-proaches 
 []


LaTeX Warning: Marginpar on page 131 moved.

[131

]

LaTeX Warning: Marginpar on page 132 moved.


Overfull \hbox (2.60336pt too wide) in paragraph at lines 60--61
[]\T1/pplj/m/n/10 QED per-tur-ba-tion the-ory has $\OML/zplm/m/it/10 a[] \OMS/z
plm/m/n/10 ^^X \OML/zplm/m/it/10 n\OT1/zplm/m/n/10 ! \OMS/zplm/m/n/10 ^^A \OT1/
zplm/m/n/10 (\OT1/pplx/m/n/10 1\OT1/zplm/m/n/10 /\OT1/pplx/m/n/10 137\OT1/zplm/
m/n/10 )[]$ \T1/pplj/m/n/10 from di-a-gram count-
 []


LaTeX Warning: Marginpar on page 132 moved.


LaTeX Warning: Marginpar on page 132 moved.


Overfull \hbox (11.04971pt too wide) in paragraph at lines 81--82
\T1/pplj/m/n/10 about non-perturbative ef-fects like tun-nel-ing and in-stan-to
ns, even though
 []


Overfull \hbox (7.48575pt too wide) in paragraph at lines 81--82
\T1/pplj/m/n/10 or-der. Chap-ter [][]II[][] de-vel-ops the machinery---Borel tr
ans-forms, transseries,
 []

[132]
Underfull \hbox (badness 1052) in paragraph at lines 85--85
\T1/pplj/m/n/8 si-cal me-chan-ics, fluid dy-nam-ics, and
 []


LaTeX Warning: Marginpar on page 133 moved.


Overfull \hbox (4.5099pt too wide) in paragraph at lines 93--94
[]\T1/pplj/b/n/10 The porous medium equa-tion: \T1/pplj/m/n/10 Per-tur-ba-tive 
cor-rec-tions to the Baren-
 []

[133]

LaTeX Warning: Marginpar on page 134 moved.


Overfull \hbox (9.22983pt too wide) in paragraph at lines 125--126
\T1/pplj/m/n/10 The an-har-monic os-cil-la-tor is the sim-plest ex-am-ple and s
uf-fices to demon-
 []


Overfull \hbox (6.08984pt too wide) in paragraph at lines 127--128
[]\T1/pplj/m/n/10 It is too sim-ple for non-trivial fixed points, op-er-a-tor m
ix-ing or anoma-
 []


Underfull \hbox (badness 4279) in paragraph at lines 137--141
[]\T1/pplj/b/n/10 Perturbation the-ory. \T1/pplj/m/n/10 The per-tur-ba-tive so-
lu-tion $\OML/zplm/m/it/10 x\OT1/zplm/m/n/10 (\OML/zplm/m/it/10 t\OT1/zplm/m/n/
10 ) =
 []


Underfull \vbox (badness 1087) has occurred while \output is active []

 [134]

LaTeX Warning: Marginpar on page 135 moved.

LaTeX Font Info:    Font shape `U/msa/m/n' will be
(Font)              scaled to size 11.40997pt on input line 169.
LaTeX Font Info:    Font shape `U/msb/m/n' will be
(Font)              scaled to size 11.40997pt on input line 169.
[135]
Overfull \hbox (15.64984pt too wide) in paragraph at lines 215--216
\T1/pplj/m/n/10 kind self-similarity), non-trivial scal-ing ex-po-nents from dy
-nam-ics, Wasser-
 []


Underfull \vbox (badness 10000) has occurred while \output is active []

 [136]

LaTeX Warning: Marginpar on page 137 moved.

[137]

LaTeX Warning: Marginpar on page 138 moved.


Underfull \vbox (badness 2884) has occurred while \output is active []

 [138]
Overfull \hbox (14.65988pt too wide) in paragraph at lines 361--369
 [] 
 []


Underfull \hbox (badness 2735) in paragraph at lines 395--395
\T1/pplj/m/n/8 Regularization makes di-ver-gent in-te-
 []


LaTeX Warning: Marginpar on page 139 moved.

[139]

LaTeX Warning: Marginpar on page 140 moved.


Overfull \hbox (15.8999pt too wide) in paragraph at lines 431--432
[]\T1/pplj/m/n/10 The key prin-ci-ple is that \T1/pplj/m/it/10 phys-i-cal pre-d
ic-tions are regularization-independent\T1/pplj/m/n/10 .
 []


Underfull \hbox (badness 6995) in paragraph at lines 440--440
\T1/pplj/m/n/8 Renormalization ab-sorbs di-ver-gences
 []


LaTeX Warning: Marginpar on page 140 moved.

[140]

LaTeX Warning: Marginpar on page 141 moved.


Overfull \hbox (3.94653pt too wide) in paragraph at lines 456--457
[]\T1/pplj/b/n/10 Advantages: \T1/pplj/m/n/10 Com-pu-ta-tional sim-plic-ity; pr
e-serves sym-me-tries; mass-
 []


Overfull \hbox (9.87978pt too wide) in paragraph at lines 475--476
[]\T1/pplj/m/n/10 The di-ver-gence en-codes non-perturbative physics (de-vel-op
ed in Chap-
 []


Overfull \hbox (21.99986pt too wide) in paragraph at lines 484--485
[]\T1/pplj/b/n/10 Chapter [][]II[][]\T1/pplj/m/n/10 : The deeper al-ge-braic st
ructure---Hopf al-ge-bras and Riemann-
 []

[141] [142]) (./chapters/ch05_algebra.tex [143] [144

]
Underfull \hbox (badness 2573) in paragraph at lines 6--6
\T1/pplj/m/n/8 This chap-ter re-veals the deep al-ge-
 []


LaTeX Warning: Marginpar on page 145 moved.


LaTeX Warning: Marginpar on page 145 moved.


LaTeX Warning: Marginpar on page 145 moved.

[145]
Overfull \hbox (57.31863pt too wide) in paragraph at lines 89--90
 [] 
 []


Underfull \hbox (badness 10000) in paragraph at lines 92--92
\T1/pplj/m/n/8 There are 1, 1, 2, 4, 9, 20,
 []


Underfull \hbox (badness 10000) in paragraph at lines 92--92
\T1/pplj/m/n/8 48, 115, ...rooted trees with
 []


LaTeX Warning: Marginpar on page 146 moved.

[146]

LaTeX Warning: Marginpar on page 147 moved.


Overfull \hbox (7.7099pt too wide) in paragraph at lines 159--160
[]\T1/pplj/b/n/10 Connection to the Pro-logue: \T1/pplj/m/n/10 The per-tur-ba-t
ive so-lu-tion of the damped
 []

[147]

LaTeX Warning: Marginpar on page 148 moved.

[148]
Underfull \hbox (badness 6493) in paragraph at lines 222--222
\T1/pplj/m/n/8 The Butcher group is an infinite-
 []


LaTeX Warning: Marginpar on page 149 moved.


LaTeX Warning: Marginpar on page 149 moved.

[149]

LaTeX Warning: Marginpar on page 150 moved.


Underfull \vbox (badness 10000) has occurred while \output is active []

 [150]
Overfull \hbox (24.98029pt too wide) in paragraph at lines 300--319
 [] 
 []

[151]
Underfull \hbox (badness 3780) in paragraph at lines 335--335
\T1/pplj/m/n/8 Modern work by Hairer (reg-u-lar-ity
 []


LaTeX Warning: Marginpar on page 152 moved.


LaTeX Warning: Marginpar on page 152 moved.


Overfull \hbox (1.17912pt too wide) in paragraph at lines 351--352
[]\T1/pplj/b/n/10 As an al-ge-bra: $\OMS/zplm/m/n/10 H$ \T1/pplj/m/n/10 is the 
poly-no-mial al-ge-bra gen-er-ated by 1PI graphs.
 []


Underfull \hbox (badness 1540) in paragraph at lines 364--364
\T1/pplj/m/n/8 The co-prod-uct en-codes the re-cur-sive
 []


Underfull \hbox (badness 10000) in paragraph at lines 364--364
\T1/pplj/m/n/8 struc-ture of subdivergences---exactly
 []


LaTeX Warning: Marginpar on page 152 moved.


LaTeX Warning: Marginpar on page 152 moved.

[152]
Overfull \hbox (12.87985pt too wide) in paragraph at lines 408--409
\T1/pplj/m/n/10 The phys-i-cally mean-ing-ful struc-tures are \T1/pplj/b/n/10 c
har-ac-ters \T1/pplj/m/n/10 of the Hopf algebra---
 []


LaTeX Warning: Marginpar on page 153 moved.

[153]
Underfull \hbox (badness 6792) in paragraph at lines 433--433
\T1/pplj/m/n/8 The Riemann-Hilbert prob-lem asks:
 []


LaTeX Warning: Marginpar on page 154 moved.


Underfull \hbox (badness 1173) in paragraph at lines 448--448
\T1/pplj/m/n/8 The Birkhoff de-com-po-si-tion sep-a-rates
 []


Underfull \hbox (badness 1924) in paragraph at lines 448--448
\T1/pplj/m/n/8 the ``pole part'' from the ``holo-mor-
 []


LaTeX Warning: Marginpar on page 154 moved.


Underfull \hbox (badness 2012) in paragraph at lines 465--465
\T1/pplj/m/n/8 mal-iza-tion = Birkhoff de-com-po-si-tion.
 []


LaTeX Warning: Marginpar on page 154 moved.

[154]

LaTeX Warning: Marginpar on page 155 moved.

[155]

LaTeX Warning: Marginpar on page 156 moved.


Overfull \hbox (21.88913pt too wide) in paragraph at lines 549--550
\T1/pplj/m/n/10 The Hopf al-ge-bra frame-work de-vel-oped above deals with UV d
ivergences---
 []

[156]
Overfull \hbox (1.04994pt too wide) in paragraph at lines 580--581
[]\T1/pplj/b/n/10 The Riemann-Hilbert cor-re-spon-dence \T1/pplj/m/n/10 shows r
enor-mal-iza-tion is the
 []

[157] [158]) (./chapters/ch06_resurgence.tex [159] [160

]
Underfull \hbox (badness 1087) in paragraph at lines 6--6
\T1/pplj/m/n/8 ex-tract-ing physics from di-ver-gent se-
 []


LaTeX Warning: Marginpar on page 161 moved.


Overfull \hbox (30.98978pt too wide) in paragraph at lines 14--15
[]\T1/pplj/b/n/10 Section [][]II[][]\T1/pplj/m/n/10 : Sin-gu-lar-i-ties (in-sta
n-tons, renor-malons) en-code non-perturbative
 []


Overfull \hbox (3.4298pt too wide) in paragraph at lines 17--18
[]\T1/pplj/b/n/10 Section [][]II[][]\T1/pplj/m/n/10 : The resur-gence triangle-
--organizing the non-perturbative
 []


Overfull \hbox (2.13985pt too wide) in paragraph at lines 18--19
[]\T1/pplj/b/n/10 Section [][]II[][]\T1/pplj/m/n/10 : Alien calculus---systemat
ic ex-trac-tion of non-perturbative
 []


Overfull \hbox (9.24979pt too wide) in paragraph at lines 23--24
[]\T1/pplj/m/n/10 Throughout this chap-ter, we il-lus-trate the ma-chin-ery wit
h the \T1/pplj/b/n/10 damped
 []


Overfull \hbox (7.2898pt too wide) in paragraph at lines 30--31
\T1/pplj/m/n/10 The Borel trans-form con-verts fac-to-rial di-ver-gence into ge
-o-met-ric growth,
 []


Overfull \hbox (16.24422pt too wide) in paragraph at lines 35--36
[][]\T1/pplj/b/n/10 Definition 0.10 \T1/pplj/m/n/10 (Borel Trans-form)\T1/pplj/
b/n/10 . []\T1/pplj/m/n/10 Given a for-mal se-ries $[]\OT1/zplm/m/n/10 (\OML/zp
lm/m/it/10 ^^O\OT1/zplm/m/n/10 ) = [][] \OML/zplm/m/it/10 a[]^^O[]$\T1/pplj/m/n
/10 ,
 []

[161]

LaTeX Warning: Marginpar on page 162 moved.


LaTeX Warning: Marginpar on page 162 moved.

[162]

LaTeX Warning: Marginpar on page 163 moved.


LaTeX Warning: Marginpar on page 163 moved.


Underfull \vbox (badness 2368) has occurred while \output is active []

 [163]

LaTeX Warning: Marginpar on page 164 moved.


Underfull \hbox (badness 2237) in paragraph at lines 192--193
[]\T1/pplj/b/n/10 Physical in-ter-pre-ta-tion: \T1/pplj/m/n/10 This sin-gu-lar-
ity re-flects sen-si-tiv-ity
 []


Underfull \hbox (badness 2564) in paragraph at lines 192--193
\T1/pplj/m/n/10 to long-distance physics. The re-sum-ma-tion am-bi-gu-ity $\OMS
/zplm/m/n/10 ^^X
 []

[164]

LaTeX Warning: Marginpar on page 165 moved.


LaTeX Warning: Marginpar on page 165 moved.

[165]

LaTeX Warning: Marginpar on page 166 moved.


Overfull \hbox (0.74922pt too wide) in paragraph at lines 292--293
[][]\T1/pplj/b/n/10 Definition 0.14 \T1/pplj/m/n/10 (Transseries)\T1/pplj/b/n/1
0 . []\T1/pplj/m/n/10 A \T1/pplj/b/n/10 transseries \T1/pplj/m/n/10 is a for-ma
l ex-pres-sion com-
 []

[166]
Underfull \hbox (badness 2856) in paragraph at lines 305--305
\T1/pplj/m/n/8 The transseries in-cludes per-tur-ba-tive
 []


LaTeX Warning: Marginpar on page 167 moved.


LaTeX Warning: Marginpar on page 167 moved.


Underfull \hbox (badness 1917) in paragraph at lines 330--330
\T1/pplj/m/n/8 We ap-ply resur-gent meth-ods to the
 []


LaTeX Warning: Marginpar on page 167 moved.


LaTeX Warning: Marginpar on page 167 moved.

[167]
Overfull \hbox (8.33981pt too wide) in paragraph at lines 359--360
\T1/pplj/m/n/10 The full resur-gence anal-y-sis of the damped os-cil-la-tor fol
-lows the pipeline
 []


LaTeX Warning: Marginpar on page 168 moved.


Overfull \hbox (1.1992pt too wide) in paragraph at lines 384--385
[]\T1/pplj/b/n/10 Key in-sight: \T1/pplj/m/n/10 The RG equa-tions [] are them-s
elves \T1/pplj/b/n/10 resur-gent equa-
 []


LaTeX Warning: Marginpar on page 168 moved.


Underfull \vbox (badness 3179) has occurred while \output is active []

 [168]
Underfull \hbox (badness 10000) in paragraph at lines 397--397
\T1/pplj/m/n/8 The resur-gence tri-an-gle or-ga-nizes
 []


Underfull \hbox (badness 1888) in paragraph at lines 397--397
\T1/pplj/m/n/8 the in-tri-cate con-nec-tions be-tween all
 []


Underfull \hbox (badness 3312) in paragraph at lines 397--397
\T1/pplj/m/n/8 transseries sec-tors into a sys-tem-atic
 []


LaTeX Warning: Marginpar on page 169 moved.


Overfull \hbox (15.52643pt too wide) in paragraph at lines 399--400
\T1/pplj/b/n/10 tri-an-gle\T1/pplj/m/n/10 . This struc-ture re-veals that \T1/p
plj/m/it/10 all \T1/pplj/m/n/10 in-for-ma-tion about non-perturbative
 []


LaTeX Warning: Marginpar on page 169 moved.

[169]

LaTeX Warning: Marginpar on page 170 moved.


Underfull \hbox (badness 3601) in paragraph at lines 454--454
\T1/pplj/m/n/8 The bridge equa-tion con-nects Borel
 []


Underfull \hbox (badness 3769) in paragraph at lines 454--454
\T1/pplj/m/n/8 plane anal-y-sis (alien deriva-tives) to
 []


Underfull \hbox (badness 1377) in paragraph at lines 454--454
\T1/pplj/m/n/8 transseries pa-ram-e-ter space (or-di-nary
 []


LaTeX Warning: Marginpar on page 170 moved.


LaTeX Warning: Marginpar on page 170 moved.


LaTeX Warning: Marginpar on page 170 moved.

[170]

LaTeX Warning: Marginpar on page 171 moved.


Underfull \hbox (badness 4660) in paragraph at lines 547--547
\T1/pplj/m/n/8 The RG is fun-da-men-tally a resur-
 []


Underfull \hbox (badness 4441) in paragraph at lines 547--547
\T1/pplj/m/n/8 perturbative physics are in-sep-a-ra-bly
 []


LaTeX Warning: Marginpar on page 171 moved.

[171]
Underfull \hbox (badness 10000) in paragraph at lines 562--562
\T1/pplj/m/n/8 Lateral re-sum-ma-tions are com-plex.
 []


LaTeX Warning: Marginpar on page 172 moved.


Underfull \hbox (badness 1163) in paragraph at lines 576--576
\T1/pplj/m/n/8 Median re-sum-ma-tion: av-er-age above
 []


LaTeX Warning: Marginpar on page 172 moved.


Overfull \hbox (0.3299pt too wide) in paragraph at lines 580--581
[]\T1/pplj/b/n/10 Physical in-ter-pre-ta-tion: \T1/pplj/m/n/10 Me-dian re-sum-m
a-tion cor-re-sponds to a spe-
 []


LaTeX Warning: Marginpar on page 172 moved.


Underfull \hbox (badness 10000) in paragraph at lines 607--607
\T1/pplj/m/n/8 The full the-ory space in-cludes
 []


Underfull \hbox (badness 5696) in paragraph at lines 607--607
\T1/pplj/m/n/8 transseries pa-ram-e-ters as ad-di-tional
 []


LaTeX Warning: Marginpar on page 172 moved.

[172]
Underfull \hbox (badness 1533) in paragraph at lines 629--629
\T1/pplj/m/n/8 The alien deriva-tive is the co-vari-ant
 []


Underfull \hbox (badness 1028) in paragraph at lines 629--629
\T1/pplj/m/n/8 deriva-tive in the di-rec-tion of the $\OML/zplm/m/it/8 !$\T1/pp
lj/m/n/8 -
 []


LaTeX Warning: Marginpar on page 173 moved.


Overfull \hbox (4.70975pt too wide) in paragraph at lines 638--639
\T1/pplj/m/n/10 The uni-fied frame-work in-cludes both per-tur-ba-tive and non-
perturbative
 []


LaTeX Warning: Marginpar on page 173 moved.

[173]
Underfull \hbox (badness 2150) in paragraph at lines 672--672
\T1/pplj/m/n/8 Ignoring di-ver-gence struc-ture throws
 []


LaTeX Warning: Marginpar on page 174 moved.


Overfull \hbox (14.64645pt too wide) in paragraph at lines 677--679
\T1/pplj/m/n/10 anoma-lous di-men-sions are scheme-dependent. Only scheme-indep
endent
 []

[174]

LaTeX Warning: Marginpar on page 175 moved.


Overfull \hbox (12.4205pt too wide) in paragraph at lines 731--733
[]\T1/pplj/b/n/10 Transseries con-struc-tion. \T1/pplj/m/n/10 Con-sider the dif
-fer-en-tial equa-tion $\OML/zplm/m/it/10 ^^O dy\OT1/zplm/m/n/10 /\OML/zplm/m/i
t/10 dx \OT1/zplm/m/n/10 =
 []

[175]) (./chapters/appendix_resurgence.tex [176]

LaTeX Warning: Marginpar on page 177 moved.

[177

] [178]
Overfull \hbox (2.21645pt too wide) in paragraph at lines 140--141
\T1/pplj/m/n/10 For real $\OML/zplm/m/it/10 z$\T1/pplj/m/n/10 , phys-i-cal ob-s
erv-ables must be real. This con-strains transseries
 []

[179]
Overfull \hbox (11.09981pt too wide) in paragraph at lines 160--161
\T1/pplj/m/n/10 The alien deriva-tive is re-lated to or-di-nary dif-fer-en-ti-a
-tion along transseries
 []

[180]
Overfull \hbox (6.66982pt too wide) in paragraph at lines 256--257
\T1/pplj/b/n/10 Monodromy \T1/pplj/m/n/10 is the trans-for-ma-tion ac-quired by
 par-al-lel trans-port around
 []

[181]) [182] (./rg_book_main.bbl

Package natbib Warning: Empty `thebibliography' environment on input line 8.

) [183


] (./rg_book_main.aux)

LaTeX Font Warning: Size substitutions with differences
(Font)              up to 0.43996pt have occurred.

Package rerunfilecheck Info: File `rg_book_main.out' has not changed.
(rerunfilecheck)             Checksum: 527EFF649F85E9DF5F610A6FE1C23041;20975.
 ) 
Here is how much of TeX's memory you used:
 46125 strings out of 478268
 1058749 string characters out of 5846347
 1545614 words of memory out of 5000000
 62174 multiletter control sequences out of 15000+600000
 627688 words of font info for 311 fonts, out of 8000000 for 9000
 1141 hyphenation exceptions out of 8191
 94i,15n,101p,1123b,1399s stack positions out of 10000i,1000n,20000p,200000b,200000s
{/usr/local/texlive/2022/texmf-dist/fonts/enc/dvips/base/8r.enc}</usr/local/t
exlive/2022/texmf-dist/fonts/type1/public/amsfonts/cm/cmex10.pfb></usr/local/te
xlive/2022/texmf-dist/fonts/type1/public/amsfonts/cm/cmmi10.pfb></usr/local/tex
live/2022/texmf-dist/fonts/type1/public/amsfonts/cm/cmr10.pfb></usr/local/texli
ve/2022/texmf-dist/fonts/type1/public/amsfonts/cm/cmsy10.pfb></usr/local/texliv
e/2022/texmf-dist/fonts/type1/public/amsfonts/euler/eufm10.pfb></usr/local/texl
ive/2022/texmf-dist/fonts/type1/public/fpl/fplbj8a.pfb></usr/local/texlive/2022
/texmf-dist/fonts/type1/public/mathpazo/fplmbb.pfb></usr/local/texlive/2022/tex
mf-dist/fonts/type1/public/mathpazo/fplmbi.pfb></usr/local/texlive/2022/texmf-d
ist/fonts/type1/public/mathpazo/fplmr.pfb></usr/local/texlive/2022/texmf-dist/f
onts/type1/public/mathpazo/fplmri.pfb></usr/local/texlive/2022/texmf-dist/fonts
/type1/public/fpl/fplrc8a.pfb></usr/local/texlive/2022/texmf-dist/fonts/type1/p
ublic/fpl/fplrij8a.pfb></usr/local/texlive/2022/texmf-dist/fonts/type1/public/a
msfonts/symbols/msam10.pfb></usr/local/texlive/2022/texmf-dist/fonts/type1/publ
ic/amsfonts/symbols/msbm10.pfb></usr/local/texlive/2022/texmf-dist/fonts/type1/
urw/helvetic/uhvb8a.pfb></usr/local/texlive/2022/texmf-dist/fonts/type1/urw/hel
vetic/uhvr8a.pfb></usr/local/texlive/2022/texmf-dist/fonts/type1/urw/palatino/u
plb8a.pfb></usr/local/texlive/2022/texmf-dist/fonts/type1/urw/palatino/uplbi8a.
pfb></usr/local/texlive/2022/texmf-dist/fonts/type1/urw/palatino/uplr8a.pfb></u
sr/local/texlive/2022/texmf-dist/fonts/type1/urw/palatino/uplri8a.pfb>
Output written on rg_book_main.pdf (183 pages, 804417 bytes).
PDF statistics:
 2737 PDF objects out of 2984 (max. 8388607)
 2463 compressed objects within 25 object streams
 1208 named destinations out of 1440 (max. 500000)
 3533 words of extra memory for PDF output out of 10000 (max. 10000000)

